{"C:\\Users\\tiago\\Ambiente de Trabalho\\Tesp\\Nova pasta\\Projeto\\Trabalho Final\\backend\\knexfile.js": {"path":"C:\\Users\\tiago\\Ambiente de Trabalho\\Tesp\\Nova pasta\\Projeto\\Trabalho Final\\backend\\knexfile.js","statementMap":{"0":{"start":{"line":1,"column":15},"end":{"line":1,"column":32}},"1":{"start":{"line":2,"column":13},"end":{"line":2,"column":28}},"2":{"start":{"line":4,"column":0},"end":{"line":6,"column":2}},"3":{"start":{"line":8,"column":0},"end":{"line":28,"column":2}}},"fnMap":{},"branchMap":{},"s":{"0":14,"1":14,"2":14,"3":14},"f":{},"b":{},"_coverageSchema":"1a1c01bbd47fc00a2c39e90264f33305004495a9","hash":"0e4f211bf2bf71ff205f04855fbd77039e7d26ca"}
,"C:\\Users\\tiago\\Ambiente de Trabalho\\Tesp\\Nova pasta\\Projeto\\Trabalho Final\\backend\\src\\app.js": {"path":"C:\\Users\\tiago\\Ambiente de Trabalho\\Tesp\\Nova pasta\\Projeto\\Trabalho Final\\backend\\src\\app.js","statementMap":{"0":{"start":{"line":1,"column":12},"end":{"line":1,"column":32}},"1":{"start":{"line":2,"column":16},"end":{"line":2,"column":34}},"2":{"start":{"line":3,"column":13},"end":{"line":3,"column":28}},"3":{"start":{"line":4,"column":13},"end":{"line":4,"column":28}},"4":{"start":{"line":5,"column":18},"end":{"line":5,"column":47}},"5":{"start":{"line":6,"column":15},"end":{"line":6,"column":34}},"6":{"start":{"line":8,"column":24},"end":{"line":8,"column":49}},"7":{"start":{"line":10,"column":0},"end":{"line":10,"column":34}},"8":{"start":{"line":12,"column":17},"end":{"line":12,"column":39}},"9":{"start":{"line":15,"column":0},"end":{"line":15,"column":41}},"10":{"start":{"line":17,"column":0},"end":{"line":23,"column":13}},"11":{"start":{"line":25,"column":0},"end":{"line":27,"column":3}},"12":{"start":{"line":26,"column":2},"end":{"line":26,"column":25}},"13":{"start":{"line":28,"column":0},"end":{"line":28,"column":72}},"14":{"start":{"line":30,"column":0},"end":{"line":36,"column":3}},"15":{"start":{"line":31,"column":35},"end":{"line":31,"column":38}},"16":{"start":{"line":32,"column":2},"end":{"line":32,"column":75}},"17":{"start":{"line":32,"column":34},"end":{"line":32,"column":75}},"18":{"start":{"line":33,"column":2},"end":{"line":34,"column":54}},"19":{"start":{"line":33,"column":33},"end":{"line":33,"column":74}},"20":{"start":{"line":34,"column":7},"end":{"line":34,"column":54}},"21":{"start":{"line":35,"column":2},"end":{"line":35,"column":12}},"22":{"start":{"line":38,"column":0},"end":{"line":38,"column":21}}},"fnMap":{"0":{"name":"(anonymous_0)","decl":{"start":{"line":25,"column":13},"end":{"line":25,"column":14}},"loc":{"start":{"line":25,"column":27},"end":{"line":27,"column":1}},"line":25},"1":{"name":"(anonymous_1)","decl":{"start":{"line":30,"column":8},"end":{"line":30,"column":9}},"loc":{"start":{"line":30,"column":33},"end":{"line":36,"column":1}},"line":30}},"branchMap":{"0":{"loc":{"start":{"line":32,"column":2},"end":{"line":32,"column":75}},"type":"if","locations":[{"start":{"line":32,"column":2},"end":{"line":32,"column":75}},{"start":{},"end":{}}],"line":32},"1":{"loc":{"start":{"line":33,"column":2},"end":{"line":34,"column":54}},"type":"if","locations":[{"start":{"line":33,"column":2},"end":{"line":34,"column":54}},{"start":{"line":34,"column":7},"end":{"line":34,"column":54}}],"line":33}},"s":{"0":14,"1":14,"2":14,"3":14,"4":14,"5":14,"6":14,"7":14,"8":14,"9":14,"10":14,"11":14,"12":1,"13":14,"14":14,"15":187,"16":187,"17":163,"18":179,"19":24,"20":155,"21":24,"22":14},"f":{"0":1,"1":187},"b":{"0":[163,24],"1":[24,155]},"_coverageSchema":"1a1c01bbd47fc00a2c39e90264f33305004495a9","hash":"605fdc9c4293f0ec619ccfb4406c2dabce12d493"}
,"C:\\Users\\tiago\\Ambiente de Trabalho\\Tesp\\Nova pasta\\Projeto\\Trabalho Final\\backend\\src\\config.js": {"path":"C:\\Users\\tiago\\Ambiente de Trabalho\\Tesp\\Nova pasta\\Projeto\\Trabalho Final\\backend\\src\\config.js","statementMap":{"0":{"start":{"line":1,"column":15},"end":{"line":1,"column":32}},"1":{"start":{"line":2,"column":13},"end":{"line":2,"column":28}},"2":{"start":{"line":4,"column":0},"end":{"line":6,"column":3}},"3":{"start":{"line":8,"column":0},"end":{"line":16,"column":2}}},"fnMap":{},"branchMap":{"0":{"loc":{"start":{"line":10,"column":13},"end":{"line":10,"column":44}},"type":"binary-expr","locations":[{"start":{"line":10,"column":13},"end":{"line":10,"column":34}},{"start":{"line":10,"column":38},"end":{"line":10,"column":44}}],"line":10}},"s":{"0":14,"1":14,"2":14,"3":14},"f":{},"b":{"0":[14,14]},"_coverageSchema":"1a1c01bbd47fc00a2c39e90264f33305004495a9","hash":"e6cf13cd82bef937d3bfaf9248961f696ed2661b"}
,"C:\\Users\\tiago\\Ambiente de Trabalho\\Tesp\\Nova pasta\\Projeto\\Trabalho Final\\backend\\src\\config\\middlewares.js": {"path":"C:\\Users\\tiago\\Ambiente de Trabalho\\Tesp\\Nova pasta\\Projeto\\Trabalho Final\\backend\\src\\config\\middlewares.js","statementMap":{"0":{"start":{"line":1,"column":19},"end":{"line":1,"column":41}},"1":{"start":{"line":3,"column":0},"end":{"line":5,"column":2}},"2":{"start":{"line":4,"column":2},"end":{"line":4,"column":29}}},"fnMap":{"0":{"name":"(anonymous_0)","decl":{"start":{"line":3,"column":17},"end":{"line":3,"column":18}},"loc":{"start":{"line":3,"column":26},"end":{"line":5,"column":1}},"line":3}},"branchMap":{},"s":{"0":14,"1":14,"2":14},"f":{"0":14},"b":{},"_coverageSchema":"1a1c01bbd47fc00a2c39e90264f33305004495a9","hash":"7078c77958cf249b222197e84a3920a6f6a35d3a"}
,"C:\\Users\\tiago\\Ambiente de Trabalho\\Tesp\\Nova pasta\\Projeto\\Trabalho Final\\backend\\src\\config\\passport.js": {"path":"C:\\Users\\tiago\\Ambiente de Trabalho\\Tesp\\Nova pasta\\Projeto\\Trabalho Final\\backend\\src\\config\\passport.js","statementMap":{"0":{"start":{"line":1,"column":17},"end":{"line":1,"column":36}},"1":{"start":{"line":2,"column":20},"end":{"line":2,"column":43}},"2":{"start":{"line":4,"column":15},"end":{"line":4,"column":35}},"3":{"start":{"line":6,"column":33},"end":{"line":6,"column":44}},"4":{"start":{"line":8,"column":0},"end":{"line":28,"column":2}},"5":{"start":{"line":9,"column":17},"end":{"line":12,"column":3}},"6":{"start":{"line":14,"column":19},"end":{"line":21,"column":4}},"7":{"start":{"line":15,"column":27},"end":{"line":15,"column":55}},"8":{"start":{"line":16,"column":4},"end":{"line":20,"column":42}},"9":{"start":{"line":18,"column":8},"end":{"line":19,"column":31}},"10":{"start":{"line":18,"column":18},"end":{"line":18,"column":45}},"11":{"start":{"line":19,"column":13},"end":{"line":19,"column":31}},"12":{"start":{"line":20,"column":24},"end":{"line":20,"column":40}},"13":{"start":{"line":23,"column":2},"end":{"line":23,"column":25}},"14":{"start":{"line":25,"column":2},"end":{"line":27,"column":4}},"15":{"start":{"line":26,"column":24},"end":{"line":26,"column":72}}},"fnMap":{"0":{"name":"(anonymous_0)","decl":{"start":{"line":8,"column":17},"end":{"line":8,"column":18}},"loc":{"start":{"line":8,"column":26},"end":{"line":28,"column":1}},"line":8},"1":{"name":"(anonymous_1)","decl":{"start":{"line":14,"column":40},"end":{"line":14,"column":41}},"loc":{"start":{"line":14,"column":59},"end":{"line":21,"column":3}},"line":14},"2":{"name":"(anonymous_2)","decl":{"start":{"line":17,"column":12},"end":{"line":17,"column":13}},"loc":{"start":{"line":17,"column":22},"end":{"line":20,"column":7}},"line":17},"3":{"name":"(anonymous_3)","decl":{"start":{"line":20,"column":15},"end":{"line":20,"column":16}},"loc":{"start":{"line":20,"column":24},"end":{"line":20,"column":40}},"line":20},"4":{"name":"(anonymous_4)","decl":{"start":{"line":26,"column":18},"end":{"line":26,"column":19}},"loc":{"start":{"line":26,"column":24},"end":{"line":26,"column":72}},"line":26}},"branchMap":{"0":{"loc":{"start":{"line":15,"column":27},"end":{"line":15,"column":55}},"type":"binary-expr","locations":[{"start":{"line":15,"column":27},"end":{"line":15,"column":41}},{"start":{"line":15,"column":45},"end":{"line":15,"column":55}}],"line":15},"1":{"loc":{"start":{"line":18,"column":8},"end":{"line":19,"column":31}},"type":"if","locations":[{"start":{"line":18,"column":8},"end":{"line":19,"column":31}},{"start":{"line":19,"column":13},"end":{"line":19,"column":31}}],"line":18}},"s":{"0":14,"1":14,"2":14,"3":14,"4":14,"5":14,"6":14,"7":266,"8":266,"9":266,"10":266,"11":0,"12":0,"13":14,"14":14,"15":14},"f":{"0":14,"1":266,"2":266,"3":0,"4":14},"b":{"0":[266,146],"1":[266,0]},"_coverageSchema":"1a1c01bbd47fc00a2c39e90264f33305004495a9","hash":"69fff3e24b6eddfc677537c8471d80a41ab665f2"}
,"C:\\Users\\tiago\\Ambiente de Trabalho\\Tesp\\Nova pasta\\Projeto\\Trabalho Final\\backend\\src\\config\\router.js": {"path":"C:\\Users\\tiago\\Ambiente de Trabalho\\Tesp\\Nova pasta\\Projeto\\Trabalho Final\\backend\\src\\config\\router.js","statementMap":{"0":{"start":{"line":1,"column":16},"end":{"line":1,"column":34}},"1":{"start":{"line":3,"column":0},"end":{"line":21,"column":2}},"2":{"start":{"line":4,"column":2},"end":{"line":4,"column":37}},"3":{"start":{"line":6,"column":23},"end":{"line":6,"column":39}},"4":{"start":{"line":8,"column":2},"end":{"line":8,"column":47}},"5":{"start":{"line":9,"column":2},"end":{"line":9,"column":51}},"6":{"start":{"line":10,"column":2},"end":{"line":10,"column":59}},"7":{"start":{"line":11,"column":2},"end":{"line":11,"column":61}},"8":{"start":{"line":12,"column":2},"end":{"line":12,"column":55}},"9":{"start":{"line":13,"column":2},"end":{"line":13,"column":51}},"10":{"start":{"line":14,"column":2},"end":{"line":14,"column":73}},"11":{"start":{"line":15,"column":2},"end":{"line":15,"column":71}},"12":{"start":{"line":16,"column":2},"end":{"line":16,"column":80}},"13":{"start":{"line":17,"column":2},"end":{"line":17,"column":59}},"14":{"start":{"line":18,"column":2},"end":{"line":18,"column":44}},"15":{"start":{"line":20,"column":2},"end":{"line":20,"column":60}}},"fnMap":{"0":{"name":"(anonymous_0)","decl":{"start":{"line":3,"column":17},"end":{"line":3,"column":18}},"loc":{"start":{"line":3,"column":26},"end":{"line":21,"column":1}},"line":3}},"branchMap":{},"s":{"0":14,"1":14,"2":14,"3":14,"4":14,"5":14,"6":14,"7":14,"8":14,"9":14,"10":14,"11":14,"12":14,"13":14,"14":14,"15":14},"f":{"0":14},"b":{},"_coverageSchema":"1a1c01bbd47fc00a2c39e90264f33305004495a9","hash":"d52ce320bf17f411ff9b78a7867ae2abe6693464"}
,"C:\\Users\\tiago\\Ambiente de Trabalho\\Tesp\\Nova pasta\\Projeto\\Trabalho Final\\backend\\src\\errors\\forbiddenError.js": {"path":"C:\\Users\\tiago\\Ambiente de Trabalho\\Tesp\\Nova pasta\\Projeto\\Trabalho Final\\backend\\src\\errors\\forbiddenError.js","statementMap":{"0":{"start":{"line":1,"column":0},"end":{"line":4,"column":2}},"1":{"start":{"line":2,"column":2},"end":{"line":2,"column":31}},"2":{"start":{"line":3,"column":2},"end":{"line":3,"column":25}}},"fnMap":{"0":{"name":"forbiddenError","decl":{"start":{"line":1,"column":26},"end":{"line":1,"column":40}},"loc":{"start":{"line":1,"column":50},"end":{"line":4,"column":1}},"line":1}},"branchMap":{},"s":{"0":14,"1":24,"2":24},"f":{"0":24},"b":{},"_coverageSchema":"1a1c01bbd47fc00a2c39e90264f33305004495a9","hash":"269442d8abc29cc5d36e9ed59451136d74fed676"}
,"C:\\Users\\tiago\\Ambiente de Trabalho\\Tesp\\Nova pasta\\Projeto\\Trabalho Final\\backend\\src\\errors\\validationError.js": {"path":"C:\\Users\\tiago\\Ambiente de Trabalho\\Tesp\\Nova pasta\\Projeto\\Trabalho Final\\backend\\src\\errors\\validationError.js","statementMap":{"0":{"start":{"line":1,"column":0},"end":{"line":4,"column":2}},"1":{"start":{"line":2,"column":2},"end":{"line":2,"column":32}},"2":{"start":{"line":3,"column":2},"end":{"line":3,"column":25}}},"fnMap":{"0":{"name":"validationError","decl":{"start":{"line":1,"column":26},"end":{"line":1,"column":41}},"loc":{"start":{"line":1,"column":51},"end":{"line":4,"column":1}},"line":1}},"branchMap":{},"s":{"0":14,"1":163,"2":163},"f":{"0":163},"b":{},"_coverageSchema":"1a1c01bbd47fc00a2c39e90264f33305004495a9","hash":"b5e074e3f0eae5899f212f50a7ff243c9b8eabd4"}
,"C:\\Users\\tiago\\Ambiente de Trabalho\\Tesp\\Nova pasta\\Projeto\\Trabalho Final\\backend\\src\\routes\\auths.js": {"path":"C:\\Users\\tiago\\Ambiente de Trabalho\\Tesp\\Nova pasta\\Projeto\\Trabalho Final\\backend\\src\\routes\\auths.js","statementMap":{"0":{"start":{"line":1,"column":16},"end":{"line":1,"column":34}},"1":{"start":{"line":2,"column":12},"end":{"line":2,"column":33}},"2":{"start":{"line":3,"column":15},"end":{"line":3,"column":39}},"3":{"start":{"line":4,"column":24},"end":{"line":4,"column":60}},"4":{"start":{"line":6,"column":18},"end":{"line":6,"column":52}},"5":{"start":{"line":7,"column":15},"end":{"line":7,"column":35}},"6":{"start":{"line":9,"column":0},"end":{"line":115,"column":2}},"7":{"start":{"line":10,"column":17},"end":{"line":10,"column":33}},"8":{"start":{"line":12,"column":2},"end":{"line":85,"column":5}},"9":{"start":{"line":13,"column":4},"end":{"line":84,"column":5}},"10":{"start":{"line":14,"column":6},"end":{"line":80,"column":7}},"11":{"start":{"line":15,"column":21},"end":{"line":15,"column":79}},"12":{"start":{"line":17,"column":8},"end":{"line":19,"column":9}},"13":{"start":{"line":18,"column":10},"end":{"line":18,"column":62}},"14":{"start":{"line":20,"column":8},"end":{"line":22,"column":9}},"15":{"start":{"line":21,"column":10},"end":{"line":21,"column":61}},"16":{"start":{"line":24,"column":8},"end":{"line":79,"column":9}},"17":{"start":{"line":25,"column":26},"end":{"line":28,"column":11}},"18":{"start":{"line":30,"column":29},"end":{"line":30,"column":87}},"19":{"start":{"line":31,"column":25},"end":{"line":31,"column":79}},"20":{"start":{"line":33,"column":29},"end":{"line":33,"column":43}},"21":{"start":{"line":34,"column":10},"end":{"line":62,"column":11}},"22":{"start":{"line":35,"column":12},"end":{"line":48,"column":14}},"23":{"start":{"line":49,"column":17},"end":{"line":62,"column":11}},"24":{"start":{"line":50,"column":12},"end":{"line":61,"column":14}},"25":{"start":{"line":64,"column":24},"end":{"line":64,"column":91}},"26":{"start":{"line":66,"column":32},"end":{"line":66,"column":42}},"27":{"start":{"line":68,"column":31},"end":{"line":70,"column":12}},"28":{"start":{"line":72,"column":10},"end":{"line":74,"column":11}},"29":{"start":{"line":73,"column":12},"end":{"line":73,"column":83}},"30":{"start":{"line":76,"column":10},"end":{"line":76,"column":65}},"31":{"start":{"line":78,"column":10},"end":{"line":78,"column":62}},"32":{"start":{"line":81,"column":6},"end":{"line":81,"column":70}},"33":{"start":{"line":83,"column":6},"end":{"line":83,"column":16}},"34":{"start":{"line":87,"column":2},"end":{"line":94,"column":5}},"35":{"start":{"line":88,"column":4},"end":{"line":93,"column":5}},"36":{"start":{"line":89,"column":21},"end":{"line":89,"column":65}},"37":{"start":{"line":90,"column":6},"end":{"line":90,"column":42}},"38":{"start":{"line":92,"column":6},"end":{"line":92,"column":23}},"39":{"start":{"line":96,"column":2},"end":{"line":103,"column":5}},"40":{"start":{"line":97,"column":4},"end":{"line":102,"column":5}},"41":{"start":{"line":98,"column":21},"end":{"line":98,"column":61}},"42":{"start":{"line":99,"column":6},"end":{"line":99,"column":42}},"43":{"start":{"line":101,"column":6},"end":{"line":101,"column":23}},"44":{"start":{"line":105,"column":2},"end":{"line":112,"column":5}},"45":{"start":{"line":106,"column":4},"end":{"line":111,"column":5}},"46":{"start":{"line":107,"column":21},"end":{"line":107,"column":59}},"47":{"start":{"line":108,"column":6},"end":{"line":108,"column":45}},"48":{"start":{"line":110,"column":6},"end":{"line":110,"column":23}},"49":{"start":{"line":114,"column":2},"end":{"line":114,"column":16}}},"fnMap":{"0":{"name":"(anonymous_0)","decl":{"start":{"line":9,"column":17},"end":{"line":9,"column":18}},"loc":{"start":{"line":9,"column":26},"end":{"line":115,"column":1}},"line":9},"1":{"name":"(anonymous_1)","decl":{"start":{"line":12,"column":25},"end":{"line":12,"column":26}},"loc":{"start":{"line":12,"column":51},"end":{"line":85,"column":3}},"line":12},"2":{"name":"(anonymous_2)","decl":{"start":{"line":87,"column":37},"end":{"line":87,"column":38}},"loc":{"start":{"line":87,"column":63},"end":{"line":94,"column":3}},"line":87},"3":{"name":"(anonymous_3)","decl":{"start":{"line":96,"column":33},"end":{"line":96,"column":34}},"loc":{"start":{"line":96,"column":59},"end":{"line":103,"column":3}},"line":96},"4":{"name":"(anonymous_4)","decl":{"start":{"line":105,"column":31},"end":{"line":105,"column":32}},"loc":{"start":{"line":105,"column":57},"end":{"line":112,"column":3}},"line":105}},"branchMap":{"0":{"loc":{"start":{"line":14,"column":6},"end":{"line":80,"column":7}},"type":"if","locations":[{"start":{"line":14,"column":6},"end":{"line":80,"column":7}},{"start":{},"end":{}}],"line":14},"1":{"loc":{"start":{"line":14,"column":10},"end":{"line":14,"column":63}},"type":"binary-expr","locations":[{"start":{"line":14,"column":10},"end":{"line":14,"column":33}},{"start":{"line":14,"column":37},"end":{"line":14,"column":63}}],"line":14},"2":{"loc":{"start":{"line":17,"column":8},"end":{"line":19,"column":9}},"type":"if","locations":[{"start":{"line":17,"column":8},"end":{"line":19,"column":9}},{"start":{},"end":{}}],"line":17},"3":{"loc":{"start":{"line":20,"column":8},"end":{"line":22,"column":9}},"type":"if","locations":[{"start":{"line":20,"column":8},"end":{"line":22,"column":9}},{"start":{},"end":{}}],"line":20},"4":{"loc":{"start":{"line":24,"column":8},"end":{"line":79,"column":9}},"type":"if","locations":[{"start":{"line":24,"column":8},"end":{"line":79,"column":9}},{"start":{"line":77,"column":15},"end":{"line":79,"column":9}}],"line":24},"5":{"loc":{"start":{"line":34,"column":10},"end":{"line":62,"column":11}},"type":"if","locations":[{"start":{"line":34,"column":10},"end":{"line":62,"column":11}},{"start":{"line":49,"column":17},"end":{"line":62,"column":11}}],"line":34},"6":{"loc":{"start":{"line":49,"column":17},"end":{"line":62,"column":11}},"type":"if","locations":[{"start":{"line":49,"column":17},"end":{"line":62,"column":11}},{"start":{},"end":{}}],"line":49},"7":{"loc":{"start":{"line":72,"column":10},"end":{"line":74,"column":11}},"type":"if","locations":[{"start":{"line":72,"column":10},"end":{"line":74,"column":11}},{"start":{},"end":{}}],"line":72}},"s":{"0":14,"1":14,"2":14,"3":14,"4":14,"5":14,"6":14,"7":14,"8":14,"9":12,"10":12,"11":11,"12":11,"13":1,"14":10,"15":1,"16":9,"17":8,"18":8,"19":8,"20":8,"21":8,"22":3,"23":5,"24":0,"25":8,"26":8,"27":8,"28":8,"29":0,"30":8,"31":1,"32":9,"33":12,"34":14,"35":5,"36":5,"37":1,"38":4,"39":14,"40":4,"41":4,"42":1,"43":3,"44":14,"45":8,"46":8,"47":2,"48":6,"49":14},"f":{"0":14,"1":12,"2":5,"3":4,"4":8},"b":{"0":[11,1],"1":[12,11],"2":[1,10],"3":[1,9],"4":[8,1],"5":[3,5],"6":[0,5],"7":[0,8]},"_coverageSchema":"1a1c01bbd47fc00a2c39e90264f33305004495a9","hash":"8ba1c615219b893a8a02b7bf40c6bcca48695a5b"}
,"C:\\Users\\tiago\\Ambiente de Trabalho\\Tesp\\Nova pasta\\Projeto\\Trabalho Final\\backend\\src\\routes\\clients.js": {"path":"C:\\Users\\tiago\\Ambiente de Trabalho\\Tesp\\Nova pasta\\Projeto\\Trabalho Final\\backend\\src\\routes\\clients.js","statementMap":{"0":{"start":{"line":1,"column":16},"end":{"line":1,"column":34}},"1":{"start":{"line":3,"column":0},"end":{"line":44,"column":2}},"2":{"start":{"line":4,"column":17},"end":{"line":4,"column":33}},"3":{"start":{"line":5,"column":2},"end":{"line":14,"column":5}},"4":{"start":{"line":6,"column":4},"end":{"line":13,"column":5}},"5":{"start":{"line":7,"column":21},"end":{"line":7,"column":82}},"6":{"start":{"line":8,"column":31},"end":{"line":8,"column":37}},"7":{"start":{"line":9,"column":6},"end":{"line":9,"column":45}},"8":{"start":{"line":10,"column":6},"end":{"line":10,"column":43}},"9":{"start":{"line":12,"column":6},"end":{"line":12,"column":16}},"10":{"start":{"line":16,"column":2},"end":{"line":23,"column":5}},"11":{"start":{"line":17,"column":4},"end":{"line":22,"column":5}},"12":{"start":{"line":18,"column":21},"end":{"line":18,"column":67}},"13":{"start":{"line":19,"column":6},"end":{"line":19,"column":35}},"14":{"start":{"line":21,"column":6},"end":{"line":21,"column":16}},"15":{"start":{"line":25,"column":2},"end":{"line":32,"column":5}},"16":{"start":{"line":26,"column":4},"end":{"line":31,"column":5}},"17":{"start":{"line":27,"column":21},"end":{"line":27,"column":88}},"18":{"start":{"line":28,"column":6},"end":{"line":28,"column":35}},"19":{"start":{"line":30,"column":6},"end":{"line":30,"column":16}},"20":{"start":{"line":34,"column":2},"end":{"line":41,"column":5}},"21":{"start":{"line":35,"column":4},"end":{"line":40,"column":5}},"22":{"start":{"line":36,"column":6},"end":{"line":36,"column":70}},"23":{"start":{"line":37,"column":6},"end":{"line":37,"column":29}},"24":{"start":{"line":39,"column":6},"end":{"line":39,"column":16}},"25":{"start":{"line":43,"column":2},"end":{"line":43,"column":16}}},"fnMap":{"0":{"name":"(anonymous_0)","decl":{"start":{"line":3,"column":17},"end":{"line":3,"column":18}},"loc":{"start":{"line":3,"column":26},"end":{"line":44,"column":1}},"line":3},"1":{"name":"(anonymous_1)","decl":{"start":{"line":5,"column":18},"end":{"line":5,"column":19}},"loc":{"start":{"line":5,"column":44},"end":{"line":14,"column":3}},"line":5},"2":{"name":"(anonymous_2)","decl":{"start":{"line":16,"column":21},"end":{"line":16,"column":22}},"loc":{"start":{"line":16,"column":47},"end":{"line":23,"column":3}},"line":16},"3":{"name":"(anonymous_3)","decl":{"start":{"line":25,"column":21},"end":{"line":25,"column":22}},"loc":{"start":{"line":25,"column":47},"end":{"line":32,"column":3}},"line":25},"4":{"name":"(anonymous_4)","decl":{"start":{"line":34,"column":24},"end":{"line":34,"column":25}},"loc":{"start":{"line":34,"column":50},"end":{"line":41,"column":3}},"line":34}},"branchMap":{},"s":{"0":14,"1":14,"2":14,"3":14,"4":2,"5":2,"6":2,"7":2,"8":2,"9":0,"10":14,"11":0,"12":0,"13":0,"14":0,"15":14,"16":10,"17":10,"18":8,"19":2,"20":14,"21":2,"22":2,"23":1,"24":1,"25":14},"f":{"0":14,"1":2,"2":0,"3":10,"4":2},"b":{},"_coverageSchema":"1a1c01bbd47fc00a2c39e90264f33305004495a9","hash":"4879e8c0bcd1414a9accd4f989e2b7c9cbae3e98"}
,"C:\\Users\\tiago\\Ambiente de Trabalho\\Tesp\\Nova pasta\\Projeto\\Trabalho Final\\backend\\src\\routes\\countys.js": {"path":"C:\\Users\\tiago\\Ambiente de Trabalho\\Tesp\\Nova pasta\\Projeto\\Trabalho Final\\backend\\src\\routes\\countys.js","statementMap":{"0":{"start":{"line":1,"column":16},"end":{"line":1,"column":34}},"1":{"start":{"line":3,"column":0},"end":{"line":53,"column":2}},"2":{"start":{"line":4,"column":17},"end":{"line":4,"column":33}},"3":{"start":{"line":5,"column":2},"end":{"line":11,"column":5}},"4":{"start":{"line":6,"column":4},"end":{"line":10,"column":33}},"5":{"start":{"line":8,"column":8},"end":{"line":8,"column":37}},"6":{"start":{"line":10,"column":22},"end":{"line":10,"column":31}},"7":{"start":{"line":13,"column":2},"end":{"line":19,"column":5}},"8":{"start":{"line":14,"column":4},"end":{"line":18,"column":33}},"9":{"start":{"line":16,"column":8},"end":{"line":16,"column":37}},"10":{"start":{"line":18,"column":22},"end":{"line":18,"column":31}},"11":{"start":{"line":21,"column":2},"end":{"line":28,"column":5}},"12":{"start":{"line":22,"column":4},"end":{"line":27,"column":5}},"13":{"start":{"line":23,"column":21},"end":{"line":23,"column":77}},"14":{"start":{"line":24,"column":6},"end":{"line":24,"column":42}},"15":{"start":{"line":26,"column":6},"end":{"line":26,"column":23}},"16":{"start":{"line":30,"column":2},"end":{"line":41,"column":5}},"17":{"start":{"line":31,"column":4},"end":{"line":40,"column":5}},"18":{"start":{"line":32,"column":21},"end":{"line":36,"column":7}},"19":{"start":{"line":37,"column":6},"end":{"line":37,"column":35}},"20":{"start":{"line":39,"column":6},"end":{"line":39,"column":16}},"21":{"start":{"line":43,"column":2},"end":{"line":50,"column":5}},"22":{"start":{"line":44,"column":4},"end":{"line":49,"column":5}},"23":{"start":{"line":45,"column":6},"end":{"line":45,"column":70}},"24":{"start":{"line":46,"column":6},"end":{"line":46,"column":29}},"25":{"start":{"line":48,"column":6},"end":{"line":48,"column":16}},"26":{"start":{"line":52,"column":2},"end":{"line":52,"column":16}}},"fnMap":{"0":{"name":"(anonymous_0)","decl":{"start":{"line":3,"column":17},"end":{"line":3,"column":18}},"loc":{"start":{"line":3,"column":26},"end":{"line":53,"column":1}},"line":3},"1":{"name":"(anonymous_1)","decl":{"start":{"line":5,"column":18},"end":{"line":5,"column":19}},"loc":{"start":{"line":5,"column":44},"end":{"line":11,"column":3}},"line":5},"2":{"name":"(anonymous_2)","decl":{"start":{"line":7,"column":12},"end":{"line":7,"column":13}},"loc":{"start":{"line":7,"column":24},"end":{"line":9,"column":7}},"line":7},"3":{"name":"(anonymous_3)","decl":{"start":{"line":10,"column":13},"end":{"line":10,"column":14}},"loc":{"start":{"line":10,"column":22},"end":{"line":10,"column":31}},"line":10},"4":{"name":"(anonymous_4)","decl":{"start":{"line":13,"column":21},"end":{"line":13,"column":22}},"loc":{"start":{"line":13,"column":41},"end":{"line":19,"column":3}},"line":13},"5":{"name":"(anonymous_5)","decl":{"start":{"line":15,"column":12},"end":{"line":15,"column":13}},"loc":{"start":{"line":15,"column":24},"end":{"line":17,"column":7}},"line":15},"6":{"name":"(anonymous_6)","decl":{"start":{"line":18,"column":13},"end":{"line":18,"column":14}},"loc":{"start":{"line":18,"column":22},"end":{"line":18,"column":31}},"line":18},"7":{"name":"(anonymous_7)","decl":{"start":{"line":21,"column":19},"end":{"line":21,"column":20}},"loc":{"start":{"line":21,"column":45},"end":{"line":28,"column":3}},"line":21},"8":{"name":"(anonymous_8)","decl":{"start":{"line":30,"column":21},"end":{"line":30,"column":22}},"loc":{"start":{"line":30,"column":47},"end":{"line":41,"column":3}},"line":30},"9":{"name":"(anonymous_9)","decl":{"start":{"line":43,"column":24},"end":{"line":43,"column":25}},"loc":{"start":{"line":43,"column":50},"end":{"line":50,"column":3}},"line":43}},"branchMap":{},"s":{"0":14,"1":14,"2":14,"3":14,"4":1,"5":1,"6":0,"7":14,"8":1,"9":1,"10":0,"11":14,"12":5,"13":5,"14":2,"15":3,"16":14,"17":3,"18":3,"19":1,"20":2,"21":14,"22":3,"23":3,"24":1,"25":2,"26":14},"f":{"0":14,"1":1,"2":1,"3":0,"4":1,"5":1,"6":0,"7":5,"8":3,"9":3},"b":{},"_coverageSchema":"1a1c01bbd47fc00a2c39e90264f33305004495a9","hash":"2e3158113ae677a669a0e6691399294e83a179e3"}
,"C:\\Users\\tiago\\Ambiente de Trabalho\\Tesp\\Nova pasta\\Projeto\\Trabalho Final\\backend\\src\\routes\\districts.js": {"path":"C:\\Users\\tiago\\Ambiente de Trabalho\\Tesp\\Nova pasta\\Projeto\\Trabalho Final\\backend\\src\\routes\\districts.js","statementMap":{"0":{"start":{"line":1,"column":16},"end":{"line":1,"column":34}},"1":{"start":{"line":3,"column":0},"end":{"line":49,"column":2}},"2":{"start":{"line":4,"column":17},"end":{"line":4,"column":33}},"3":{"start":{"line":5,"column":2},"end":{"line":11,"column":5}},"4":{"start":{"line":6,"column":4},"end":{"line":10,"column":33}},"5":{"start":{"line":8,"column":8},"end":{"line":8,"column":37}},"6":{"start":{"line":10,"column":22},"end":{"line":10,"column":31}},"7":{"start":{"line":13,"column":2},"end":{"line":19,"column":5}},"8":{"start":{"line":14,"column":4},"end":{"line":18,"column":33}},"9":{"start":{"line":16,"column":8},"end":{"line":16,"column":37}},"10":{"start":{"line":18,"column":22},"end":{"line":18,"column":31}},"11":{"start":{"line":21,"column":2},"end":{"line":28,"column":5}},"12":{"start":{"line":22,"column":4},"end":{"line":27,"column":5}},"13":{"start":{"line":23,"column":21},"end":{"line":23,"column":81}},"14":{"start":{"line":24,"column":6},"end":{"line":24,"column":42}},"15":{"start":{"line":26,"column":6},"end":{"line":26,"column":23}},"16":{"start":{"line":30,"column":2},"end":{"line":37,"column":5}},"17":{"start":{"line":31,"column":4},"end":{"line":36,"column":5}},"18":{"start":{"line":32,"column":21},"end":{"line":32,"column":98}},"19":{"start":{"line":33,"column":6},"end":{"line":33,"column":35}},"20":{"start":{"line":35,"column":6},"end":{"line":35,"column":16}},"21":{"start":{"line":39,"column":2},"end":{"line":46,"column":5}},"22":{"start":{"line":40,"column":4},"end":{"line":45,"column":5}},"23":{"start":{"line":41,"column":6},"end":{"line":41,"column":74}},"24":{"start":{"line":42,"column":6},"end":{"line":42,"column":29}},"25":{"start":{"line":44,"column":6},"end":{"line":44,"column":16}},"26":{"start":{"line":48,"column":2},"end":{"line":48,"column":16}}},"fnMap":{"0":{"name":"(anonymous_0)","decl":{"start":{"line":3,"column":17},"end":{"line":3,"column":18}},"loc":{"start":{"line":3,"column":26},"end":{"line":49,"column":1}},"line":3},"1":{"name":"(anonymous_1)","decl":{"start":{"line":5,"column":18},"end":{"line":5,"column":19}},"loc":{"start":{"line":5,"column":44},"end":{"line":11,"column":3}},"line":5},"2":{"name":"(anonymous_2)","decl":{"start":{"line":7,"column":12},"end":{"line":7,"column":13}},"loc":{"start":{"line":7,"column":24},"end":{"line":9,"column":7}},"line":7},"3":{"name":"(anonymous_3)","decl":{"start":{"line":10,"column":13},"end":{"line":10,"column":14}},"loc":{"start":{"line":10,"column":22},"end":{"line":10,"column":31}},"line":10},"4":{"name":"(anonymous_4)","decl":{"start":{"line":13,"column":21},"end":{"line":13,"column":22}},"loc":{"start":{"line":13,"column":41},"end":{"line":19,"column":3}},"line":13},"5":{"name":"(anonymous_5)","decl":{"start":{"line":15,"column":12},"end":{"line":15,"column":13}},"loc":{"start":{"line":15,"column":24},"end":{"line":17,"column":7}},"line":15},"6":{"name":"(anonymous_6)","decl":{"start":{"line":18,"column":13},"end":{"line":18,"column":14}},"loc":{"start":{"line":18,"column":22},"end":{"line":18,"column":31}},"line":18},"7":{"name":"(anonymous_7)","decl":{"start":{"line":21,"column":19},"end":{"line":21,"column":20}},"loc":{"start":{"line":21,"column":45},"end":{"line":28,"column":3}},"line":21},"8":{"name":"(anonymous_8)","decl":{"start":{"line":30,"column":21},"end":{"line":30,"column":22}},"loc":{"start":{"line":30,"column":47},"end":{"line":37,"column":3}},"line":30},"9":{"name":"(anonymous_9)","decl":{"start":{"line":39,"column":24},"end":{"line":39,"column":25}},"loc":{"start":{"line":39,"column":50},"end":{"line":46,"column":3}},"line":39}},"branchMap":{},"s":{"0":14,"1":14,"2":14,"3":14,"4":1,"5":1,"6":0,"7":14,"8":1,"9":1,"10":0,"11":14,"12":5,"13":5,"14":3,"15":2,"16":14,"17":3,"18":3,"19":1,"20":2,"21":14,"22":3,"23":3,"24":1,"25":2,"26":14},"f":{"0":14,"1":1,"2":1,"3":0,"4":1,"5":1,"6":0,"7":5,"8":3,"9":3},"b":{},"_coverageSchema":"1a1c01bbd47fc00a2c39e90264f33305004495a9","hash":"ca0611f889c1dcca4ba11e1b18c593382acdd5b3"}
,"C:\\Users\\tiago\\Ambiente de Trabalho\\Tesp\\Nova pasta\\Projeto\\Trabalho Final\\backend\\src\\routes\\freelancerCountys.js": {"path":"C:\\Users\\tiago\\Ambiente de Trabalho\\Tesp\\Nova pasta\\Projeto\\Trabalho Final\\backend\\src\\routes\\freelancerCountys.js","statementMap":{"0":{"start":{"line":1,"column":16},"end":{"line":1,"column":34}},"1":{"start":{"line":3,"column":0},"end":{"line":61,"column":2}},"2":{"start":{"line":4,"column":17},"end":{"line":4,"column":33}},"3":{"start":{"line":5,"column":2},"end":{"line":16,"column":5}},"4":{"start":{"line":6,"column":4},"end":{"line":15,"column":5}},"5":{"start":{"line":7,"column":6},"end":{"line":12,"column":11}},"6":{"start":{"line":9,"column":35},"end":{"line":9,"column":41}},"7":{"start":{"line":10,"column":10},"end":{"line":10,"column":49}},"8":{"start":{"line":11,"column":10},"end":{"line":11,"column":39}},"9":{"start":{"line":14,"column":6},"end":{"line":14,"column":16}},"10":{"start":{"line":18,"column":2},"end":{"line":26,"column":5}},"11":{"start":{"line":19,"column":4},"end":{"line":25,"column":5}},"12":{"start":{"line":20,"column":21},"end":{"line":21,"column":83}},"13":{"start":{"line":22,"column":6},"end":{"line":22,"column":35}},"14":{"start":{"line":24,"column":6},"end":{"line":24,"column":16}},"15":{"start":{"line":28,"column":2},"end":{"line":39,"column":5}},"16":{"start":{"line":29,"column":4},"end":{"line":38,"column":5}},"17":{"start":{"line":30,"column":21},"end":{"line":34,"column":7}},"18":{"start":{"line":35,"column":6},"end":{"line":35,"column":35}},"19":{"start":{"line":37,"column":6},"end":{"line":37,"column":16}},"20":{"start":{"line":41,"column":2},"end":{"line":49,"column":5}},"21":{"start":{"line":42,"column":4},"end":{"line":48,"column":5}},"22":{"start":{"line":43,"column":21},"end":{"line":44,"column":90}},"23":{"start":{"line":45,"column":6},"end":{"line":45,"column":35}},"24":{"start":{"line":47,"column":6},"end":{"line":47,"column":16}},"25":{"start":{"line":51,"column":2},"end":{"line":58,"column":5}},"26":{"start":{"line":52,"column":4},"end":{"line":57,"column":5}},"27":{"start":{"line":53,"column":6},"end":{"line":53,"column":87}},"28":{"start":{"line":54,"column":6},"end":{"line":54,"column":29}},"29":{"start":{"line":56,"column":6},"end":{"line":56,"column":16}},"30":{"start":{"line":60,"column":2},"end":{"line":60,"column":16}}},"fnMap":{"0":{"name":"(anonymous_0)","decl":{"start":{"line":3,"column":17},"end":{"line":3,"column":18}},"loc":{"start":{"line":3,"column":26},"end":{"line":61,"column":1}},"line":3},"1":{"name":"(anonymous_1)","decl":{"start":{"line":5,"column":31},"end":{"line":5,"column":32}},"loc":{"start":{"line":5,"column":57},"end":{"line":16,"column":3}},"line":5},"2":{"name":"(anonymous_2)","decl":{"start":{"line":8,"column":14},"end":{"line":8,"column":15}},"loc":{"start":{"line":8,"column":26},"end":{"line":12,"column":9}},"line":8},"3":{"name":"(anonymous_3)","decl":{"start":{"line":18,"column":41},"end":{"line":18,"column":42}},"loc":{"start":{"line":18,"column":67},"end":{"line":26,"column":3}},"line":18},"4":{"name":"(anonymous_4)","decl":{"start":{"line":28,"column":32},"end":{"line":28,"column":33}},"loc":{"start":{"line":28,"column":58},"end":{"line":39,"column":3}},"line":28},"5":{"name":"(anonymous_5)","decl":{"start":{"line":41,"column":41},"end":{"line":41,"column":42}},"loc":{"start":{"line":41,"column":67},"end":{"line":49,"column":3}},"line":41},"6":{"name":"(anonymous_6)","decl":{"start":{"line":51,"column":44},"end":{"line":51,"column":45}},"loc":{"start":{"line":51,"column":70},"end":{"line":58,"column":3}},"line":51}},"branchMap":{},"s":{"0":14,"1":14,"2":14,"3":14,"4":5,"5":5,"6":5,"7":5,"8":5,"9":0,"10":14,"11":0,"12":0,"13":0,"14":0,"15":14,"16":28,"17":28,"18":7,"19":21,"20":14,"21":9,"22":9,"23":1,"24":8,"25":14,"26":3,"27":3,"28":1,"29":2,"30":14},"f":{"0":14,"1":5,"2":5,"3":0,"4":28,"5":9,"6":3},"b":{},"_coverageSchema":"1a1c01bbd47fc00a2c39e90264f33305004495a9","hash":"d440d0f96b8de7a069dc598d7005fbc3e76892aa"}
,"C:\\Users\\tiago\\Ambiente de Trabalho\\Tesp\\Nova pasta\\Projeto\\Trabalho Final\\backend\\src\\routes\\freelancerServices.js": {"path":"C:\\Users\\tiago\\Ambiente de Trabalho\\Tesp\\Nova pasta\\Projeto\\Trabalho Final\\backend\\src\\routes\\freelancerServices.js","statementMap":{"0":{"start":{"line":1,"column":16},"end":{"line":1,"column":34}},"1":{"start":{"line":3,"column":0},"end":{"line":58,"column":2}},"2":{"start":{"line":4,"column":17},"end":{"line":4,"column":33}},"3":{"start":{"line":5,"column":2},"end":{"line":16,"column":5}},"4":{"start":{"line":6,"column":4},"end":{"line":15,"column":5}},"5":{"start":{"line":7,"column":6},"end":{"line":12,"column":11}},"6":{"start":{"line":9,"column":35},"end":{"line":9,"column":41}},"7":{"start":{"line":10,"column":10},"end":{"line":10,"column":49}},"8":{"start":{"line":11,"column":10},"end":{"line":11,"column":39}},"9":{"start":{"line":14,"column":6},"end":{"line":14,"column":16}},"10":{"start":{"line":18,"column":2},"end":{"line":26,"column":5}},"11":{"start":{"line":19,"column":4},"end":{"line":25,"column":5}},"12":{"start":{"line":20,"column":21},"end":{"line":21,"column":62}},"13":{"start":{"line":22,"column":6},"end":{"line":22,"column":35}},"14":{"start":{"line":24,"column":6},"end":{"line":24,"column":16}},"15":{"start":{"line":28,"column":2},"end":{"line":36,"column":5}},"16":{"start":{"line":29,"column":4},"end":{"line":35,"column":5}},"17":{"start":{"line":30,"column":21},"end":{"line":31,"column":93}},"18":{"start":{"line":32,"column":6},"end":{"line":32,"column":35}},"19":{"start":{"line":34,"column":6},"end":{"line":34,"column":16}},"20":{"start":{"line":38,"column":2},"end":{"line":46,"column":5}},"21":{"start":{"line":39,"column":4},"end":{"line":45,"column":5}},"22":{"start":{"line":40,"column":21},"end":{"line":41,"column":82}},"23":{"start":{"line":42,"column":6},"end":{"line":42,"column":35}},"24":{"start":{"line":44,"column":6},"end":{"line":44,"column":16}},"25":{"start":{"line":48,"column":2},"end":{"line":55,"column":5}},"26":{"start":{"line":49,"column":4},"end":{"line":54,"column":5}},"27":{"start":{"line":50,"column":6},"end":{"line":50,"column":79}},"28":{"start":{"line":51,"column":6},"end":{"line":51,"column":29}},"29":{"start":{"line":53,"column":6},"end":{"line":53,"column":16}},"30":{"start":{"line":57,"column":2},"end":{"line":57,"column":16}}},"fnMap":{"0":{"name":"(anonymous_0)","decl":{"start":{"line":3,"column":17},"end":{"line":3,"column":18}},"loc":{"start":{"line":3,"column":26},"end":{"line":58,"column":1}},"line":3},"1":{"name":"(anonymous_1)","decl":{"start":{"line":5,"column":31},"end":{"line":5,"column":32}},"loc":{"start":{"line":5,"column":57},"end":{"line":16,"column":3}},"line":5},"2":{"name":"(anonymous_2)","decl":{"start":{"line":8,"column":14},"end":{"line":8,"column":15}},"loc":{"start":{"line":8,"column":26},"end":{"line":12,"column":9}},"line":8},"3":{"name":"(anonymous_3)","decl":{"start":{"line":18,"column":42},"end":{"line":18,"column":43}},"loc":{"start":{"line":18,"column":68},"end":{"line":26,"column":3}},"line":18},"4":{"name":"(anonymous_4)","decl":{"start":{"line":28,"column":32},"end":{"line":28,"column":33}},"loc":{"start":{"line":28,"column":58},"end":{"line":36,"column":3}},"line":28},"5":{"name":"(anonymous_5)","decl":{"start":{"line":38,"column":42},"end":{"line":38,"column":43}},"loc":{"start":{"line":38,"column":68},"end":{"line":46,"column":3}},"line":38},"6":{"name":"(anonymous_6)","decl":{"start":{"line":48,"column":45},"end":{"line":48,"column":46}},"loc":{"start":{"line":48,"column":71},"end":{"line":55,"column":3}},"line":48}},"branchMap":{},"s":{"0":14,"1":14,"2":14,"3":14,"4":4,"5":4,"6":4,"7":4,"8":4,"9":0,"10":14,"11":0,"12":0,"13":0,"14":0,"15":14,"16":8,"17":8,"18":4,"19":4,"20":14,"21":6,"22":6,"23":2,"24":4,"25":14,"26":2,"27":2,"28":1,"29":1,"30":14},"f":{"0":14,"1":4,"2":4,"3":0,"4":8,"5":6,"6":2},"b":{},"_coverageSchema":"1a1c01bbd47fc00a2c39e90264f33305004495a9","hash":"fb9efb1ceb220fc69029b519d1ea738a3ab6fe47"}
,"C:\\Users\\tiago\\Ambiente de Trabalho\\Tesp\\Nova pasta\\Projeto\\Trabalho Final\\backend\\src\\routes\\freelancerWorkSchedules.js": {"path":"C:\\Users\\tiago\\Ambiente de Trabalho\\Tesp\\Nova pasta\\Projeto\\Trabalho Final\\backend\\src\\routes\\freelancerWorkSchedules.js","statementMap":{"0":{"start":{"line":1,"column":16},"end":{"line":1,"column":34}},"1":{"start":{"line":3,"column":0},"end":{"line":59,"column":2}},"2":{"start":{"line":4,"column":17},"end":{"line":4,"column":33}},"3":{"start":{"line":5,"column":2},"end":{"line":13,"column":5}},"4":{"start":{"line":6,"column":4},"end":{"line":12,"column":5}},"5":{"start":{"line":7,"column":21},"end":{"line":8,"column":61}},"6":{"start":{"line":9,"column":6},"end":{"line":9,"column":35}},"7":{"start":{"line":11,"column":6},"end":{"line":11,"column":16}},"8":{"start":{"line":15,"column":2},"end":{"line":23,"column":5}},"9":{"start":{"line":16,"column":4},"end":{"line":22,"column":5}},"10":{"start":{"line":17,"column":21},"end":{"line":18,"column":81}},"11":{"start":{"line":19,"column":6},"end":{"line":19,"column":35}},"12":{"start":{"line":21,"column":6},"end":{"line":21,"column":16}},"13":{"start":{"line":25,"column":2},"end":{"line":37,"column":5}},"14":{"start":{"line":26,"column":4},"end":{"line":36,"column":5}},"15":{"start":{"line":27,"column":21},"end":{"line":32,"column":7}},"16":{"start":{"line":33,"column":6},"end":{"line":33,"column":35}},"17":{"start":{"line":35,"column":6},"end":{"line":35,"column":16}},"18":{"start":{"line":39,"column":2},"end":{"line":47,"column":5}},"19":{"start":{"line":40,"column":4},"end":{"line":46,"column":5}},"20":{"start":{"line":41,"column":21},"end":{"line":42,"column":98}},"21":{"start":{"line":43,"column":6},"end":{"line":43,"column":35}},"22":{"start":{"line":45,"column":6},"end":{"line":45,"column":16}},"23":{"start":{"line":49,"column":2},"end":{"line":56,"column":5}},"24":{"start":{"line":50,"column":4},"end":{"line":55,"column":5}},"25":{"start":{"line":51,"column":6},"end":{"line":51,"column":95}},"26":{"start":{"line":52,"column":6},"end":{"line":52,"column":29}},"27":{"start":{"line":54,"column":6},"end":{"line":54,"column":16}},"28":{"start":{"line":58,"column":2},"end":{"line":58,"column":16}}},"fnMap":{"0":{"name":"(anonymous_0)","decl":{"start":{"line":3,"column":17},"end":{"line":3,"column":18}},"loc":{"start":{"line":3,"column":26},"end":{"line":59,"column":1}},"line":3},"1":{"name":"(anonymous_1)","decl":{"start":{"line":5,"column":31},"end":{"line":5,"column":32}},"loc":{"start":{"line":5,"column":57},"end":{"line":13,"column":3}},"line":5},"2":{"name":"(anonymous_2)","decl":{"start":{"line":15,"column":42},"end":{"line":15,"column":43}},"loc":{"start":{"line":15,"column":68},"end":{"line":23,"column":3}},"line":15},"3":{"name":"(anonymous_3)","decl":{"start":{"line":25,"column":32},"end":{"line":25,"column":33}},"loc":{"start":{"line":25,"column":58},"end":{"line":37,"column":3}},"line":25},"4":{"name":"(anonymous_4)","decl":{"start":{"line":39,"column":43},"end":{"line":39,"column":44}},"loc":{"start":{"line":39,"column":69},"end":{"line":47,"column":3}},"line":39},"5":{"name":"(anonymous_5)","decl":{"start":{"line":49,"column":46},"end":{"line":49,"column":47}},"loc":{"start":{"line":49,"column":72},"end":{"line":56,"column":3}},"line":49}},"branchMap":{},"s":{"0":14,"1":14,"2":14,"3":14,"4":3,"5":3,"6":3,"7":0,"8":14,"9":0,"10":0,"11":0,"12":0,"13":14,"14":13,"15":13,"16":2,"17":11,"18":14,"19":8,"20":8,"21":1,"22":7,"23":14,"24":3,"25":3,"26":1,"27":2,"28":14},"f":{"0":14,"1":3,"2":0,"3":13,"4":8,"5":3},"b":{},"_coverageSchema":"1a1c01bbd47fc00a2c39e90264f33305004495a9","hash":"36dd5a137d4ee50f285199ada8e4ad1f1c70d5a3"}
,"C:\\Users\\tiago\\Ambiente de Trabalho\\Tesp\\Nova pasta\\Projeto\\Trabalho Final\\backend\\src\\routes\\freelancers.js": {"path":"C:\\Users\\tiago\\Ambiente de Trabalho\\Tesp\\Nova pasta\\Projeto\\Trabalho Final\\backend\\src\\routes\\freelancers.js","statementMap":{"0":{"start":{"line":1,"column":16},"end":{"line":1,"column":34}},"1":{"start":{"line":3,"column":0},"end":{"line":43,"column":2}},"2":{"start":{"line":4,"column":17},"end":{"line":4,"column":33}},"3":{"start":{"line":6,"column":2},"end":{"line":14,"column":5}},"4":{"start":{"line":7,"column":4},"end":{"line":13,"column":33}},"5":{"start":{"line":9,"column":33},"end":{"line":9,"column":39}},"6":{"start":{"line":10,"column":8},"end":{"line":10,"column":47}},"7":{"start":{"line":11,"column":8},"end":{"line":11,"column":58}},"8":{"start":{"line":13,"column":22},"end":{"line":13,"column":31}},"9":{"start":{"line":16,"column":2},"end":{"line":22,"column":5}},"10":{"start":{"line":17,"column":4},"end":{"line":21,"column":33}},"11":{"start":{"line":19,"column":8},"end":{"line":19,"column":37}},"12":{"start":{"line":21,"column":22},"end":{"line":21,"column":31}},"13":{"start":{"line":24,"column":2},"end":{"line":31,"column":5}},"14":{"start":{"line":25,"column":4},"end":{"line":30,"column":5}},"15":{"start":{"line":26,"column":21},"end":{"line":26,"column":92}},"16":{"start":{"line":27,"column":6},"end":{"line":27,"column":35}},"17":{"start":{"line":29,"column":6},"end":{"line":29,"column":16}},"18":{"start":{"line":33,"column":2},"end":{"line":40,"column":5}},"19":{"start":{"line":34,"column":4},"end":{"line":39,"column":5}},"20":{"start":{"line":35,"column":6},"end":{"line":35,"column":78}},"21":{"start":{"line":36,"column":6},"end":{"line":36,"column":29}},"22":{"start":{"line":38,"column":6},"end":{"line":38,"column":16}},"23":{"start":{"line":42,"column":2},"end":{"line":42,"column":16}}},"fnMap":{"0":{"name":"(anonymous_0)","decl":{"start":{"line":3,"column":17},"end":{"line":3,"column":18}},"loc":{"start":{"line":3,"column":26},"end":{"line":43,"column":1}},"line":3},"1":{"name":"(anonymous_1)","decl":{"start":{"line":6,"column":18},"end":{"line":6,"column":19}},"loc":{"start":{"line":6,"column":38},"end":{"line":14,"column":3}},"line":6},"2":{"name":"(anonymous_2)","decl":{"start":{"line":8,"column":12},"end":{"line":8,"column":13}},"loc":{"start":{"line":8,"column":24},"end":{"line":12,"column":7}},"line":8},"3":{"name":"(anonymous_3)","decl":{"start":{"line":13,"column":13},"end":{"line":13,"column":14}},"loc":{"start":{"line":13,"column":22},"end":{"line":13,"column":31}},"line":13},"4":{"name":"(anonymous_4)","decl":{"start":{"line":16,"column":21},"end":{"line":16,"column":22}},"loc":{"start":{"line":16,"column":41},"end":{"line":22,"column":3}},"line":16},"5":{"name":"(anonymous_5)","decl":{"start":{"line":18,"column":12},"end":{"line":18,"column":13}},"loc":{"start":{"line":18,"column":24},"end":{"line":20,"column":7}},"line":18},"6":{"name":"(anonymous_6)","decl":{"start":{"line":21,"column":13},"end":{"line":21,"column":14}},"loc":{"start":{"line":21,"column":22},"end":{"line":21,"column":31}},"line":21},"7":{"name":"(anonymous_7)","decl":{"start":{"line":24,"column":21},"end":{"line":24,"column":22}},"loc":{"start":{"line":24,"column":47},"end":{"line":31,"column":3}},"line":24},"8":{"name":"(anonymous_8)","decl":{"start":{"line":33,"column":24},"end":{"line":33,"column":25}},"loc":{"start":{"line":33,"column":50},"end":{"line":40,"column":3}},"line":33}},"branchMap":{},"s":{"0":14,"1":14,"2":14,"3":14,"4":9,"5":2,"6":2,"7":2,"8":7,"9":14,"10":0,"11":0,"12":0,"13":14,"14":11,"15":11,"16":9,"17":2,"18":14,"19":2,"20":2,"21":1,"22":1,"23":14},"f":{"0":14,"1":9,"2":2,"3":7,"4":0,"5":0,"6":0,"7":11,"8":2},"b":{},"_coverageSchema":"1a1c01bbd47fc00a2c39e90264f33305004495a9","hash":"5fe67f7b2b8e6524e56292f1123e4a7796cf6115"}
,"C:\\Users\\tiago\\Ambiente de Trabalho\\Tesp\\Nova pasta\\Projeto\\Trabalho Final\\backend\\src\\routes\\mats.js": {"path":"C:\\Users\\tiago\\Ambiente de Trabalho\\Tesp\\Nova pasta\\Projeto\\Trabalho Final\\backend\\src\\routes\\mats.js","statementMap":{"0":{"start":{"line":1,"column":16},"end":{"line":1,"column":34}},"1":{"start":{"line":3,"column":0},"end":{"line":33,"column":2}},"2":{"start":{"line":4,"column":17},"end":{"line":4,"column":33}},"3":{"start":{"line":5,"column":2},"end":{"line":12,"column":5}},"4":{"start":{"line":6,"column":4},"end":{"line":11,"column":5}},"5":{"start":{"line":7,"column":21},"end":{"line":7,"column":74}},"6":{"start":{"line":8,"column":6},"end":{"line":8,"column":35}},"7":{"start":{"line":10,"column":6},"end":{"line":10,"column":16}},"8":{"start":{"line":14,"column":2},"end":{"line":21,"column":5}},"9":{"start":{"line":15,"column":4},"end":{"line":20,"column":5}},"10":{"start":{"line":16,"column":21},"end":{"line":16,"column":66}},"11":{"start":{"line":17,"column":6},"end":{"line":17,"column":35}},"12":{"start":{"line":19,"column":6},"end":{"line":19,"column":16}},"13":{"start":{"line":23,"column":2},"end":{"line":30,"column":5}},"14":{"start":{"line":24,"column":4},"end":{"line":29,"column":5}},"15":{"start":{"line":25,"column":21},"end":{"line":25,"column":68}},"16":{"start":{"line":26,"column":6},"end":{"line":26,"column":35}},"17":{"start":{"line":28,"column":6},"end":{"line":28,"column":16}},"18":{"start":{"line":32,"column":2},"end":{"line":32,"column":16}}},"fnMap":{"0":{"name":"(anonymous_0)","decl":{"start":{"line":3,"column":17},"end":{"line":3,"column":18}},"loc":{"start":{"line":3,"column":26},"end":{"line":33,"column":1}},"line":3},"1":{"name":"(anonymous_1)","decl":{"start":{"line":5,"column":23},"end":{"line":5,"column":24}},"loc":{"start":{"line":5,"column":49},"end":{"line":12,"column":3}},"line":5},"2":{"name":"(anonymous_2)","decl":{"start":{"line":14,"column":22},"end":{"line":14,"column":23}},"loc":{"start":{"line":14,"column":48},"end":{"line":21,"column":3}},"line":14},"3":{"name":"(anonymous_3)","decl":{"start":{"line":23,"column":25},"end":{"line":23,"column":26}},"loc":{"start":{"line":23,"column":51},"end":{"line":30,"column":3}},"line":23}},"branchMap":{},"s":{"0":14,"1":14,"2":14,"3":14,"4":1,"5":1,"6":1,"7":0,"8":14,"9":1,"10":1,"11":1,"12":0,"13":14,"14":1,"15":1,"16":1,"17":0,"18":14},"f":{"0":14,"1":1,"2":1,"3":1},"b":{},"_coverageSchema":"1a1c01bbd47fc00a2c39e90264f33305004495a9","hash":"30034943f82b37e5aabcb899287b49d8f4ded1a7"}
,"C:\\Users\\tiago\\Ambiente de Trabalho\\Tesp\\Nova pasta\\Projeto\\Trabalho Final\\backend\\src\\routes\\schedulings.js": {"path":"C:\\Users\\tiago\\Ambiente de Trabalho\\Tesp\\Nova pasta\\Projeto\\Trabalho Final\\backend\\src\\routes\\schedulings.js","statementMap":{"0":{"start":{"line":1,"column":16},"end":{"line":1,"column":34}},"1":{"start":{"line":3,"column":0},"end":{"line":56,"column":2}},"2":{"start":{"line":4,"column":17},"end":{"line":4,"column":33}},"3":{"start":{"line":5,"column":2},"end":{"line":16,"column":5}},"4":{"start":{"line":6,"column":4},"end":{"line":15,"column":5}},"5":{"start":{"line":7,"column":6},"end":{"line":12,"column":11}},"6":{"start":{"line":9,"column":35},"end":{"line":9,"column":41}},"7":{"start":{"line":10,"column":10},"end":{"line":10,"column":49}},"8":{"start":{"line":11,"column":10},"end":{"line":11,"column":51}},"9":{"start":{"line":14,"column":6},"end":{"line":14,"column":16}},"10":{"start":{"line":18,"column":2},"end":{"line":25,"column":5}},"11":{"start":{"line":19,"column":4},"end":{"line":24,"column":5}},"12":{"start":{"line":20,"column":21},"end":{"line":20,"column":91}},"13":{"start":{"line":21,"column":6},"end":{"line":21,"column":35}},"14":{"start":{"line":23,"column":6},"end":{"line":23,"column":16}},"15":{"start":{"line":27,"column":2},"end":{"line":34,"column":5}},"16":{"start":{"line":28,"column":4},"end":{"line":33,"column":5}},"17":{"start":{"line":29,"column":21},"end":{"line":29,"column":84}},"18":{"start":{"line":30,"column":6},"end":{"line":30,"column":35}},"19":{"start":{"line":32,"column":6},"end":{"line":32,"column":16}},"20":{"start":{"line":36,"column":2},"end":{"line":44,"column":5}},"21":{"start":{"line":37,"column":4},"end":{"line":43,"column":5}},"22":{"start":{"line":38,"column":21},"end":{"line":39,"column":57}},"23":{"start":{"line":40,"column":6},"end":{"line":40,"column":35}},"24":{"start":{"line":42,"column":6},"end":{"line":42,"column":16}},"25":{"start":{"line":46,"column":2},"end":{"line":53,"column":5}},"26":{"start":{"line":47,"column":4},"end":{"line":52,"column":5}},"27":{"start":{"line":48,"column":6},"end":{"line":48,"column":75}},"28":{"start":{"line":49,"column":6},"end":{"line":49,"column":29}},"29":{"start":{"line":51,"column":6},"end":{"line":51,"column":16}},"30":{"start":{"line":55,"column":2},"end":{"line":55,"column":16}}},"fnMap":{"0":{"name":"(anonymous_0)","decl":{"start":{"line":3,"column":17},"end":{"line":3,"column":18}},"loc":{"start":{"line":3,"column":26},"end":{"line":56,"column":1}},"line":3},"1":{"name":"(anonymous_1)","decl":{"start":{"line":5,"column":18},"end":{"line":5,"column":19}},"loc":{"start":{"line":5,"column":44},"end":{"line":16,"column":3}},"line":5},"2":{"name":"(anonymous_2)","decl":{"start":{"line":8,"column":14},"end":{"line":8,"column":15}},"loc":{"start":{"line":8,"column":26},"end":{"line":12,"column":9}},"line":8},"3":{"name":"(anonymous_3)","decl":{"start":{"line":18,"column":21},"end":{"line":18,"column":22}},"loc":{"start":{"line":18,"column":47},"end":{"line":25,"column":3}},"line":18},"4":{"name":"(anonymous_4)","decl":{"start":{"line":27,"column":19},"end":{"line":27,"column":20}},"loc":{"start":{"line":27,"column":45},"end":{"line":34,"column":3}},"line":27},"5":{"name":"(anonymous_5)","decl":{"start":{"line":36,"column":41},"end":{"line":36,"column":42}},"loc":{"start":{"line":36,"column":67},"end":{"line":44,"column":3}},"line":36},"6":{"name":"(anonymous_6)","decl":{"start":{"line":46,"column":44},"end":{"line":46,"column":45}},"loc":{"start":{"line":46,"column":70},"end":{"line":53,"column":3}},"line":46}},"branchMap":{},"s":{"0":14,"1":14,"2":14,"3":14,"4":4,"5":4,"6":4,"7":4,"8":4,"9":0,"10":14,"11":0,"12":0,"13":0,"14":0,"15":14,"16":45,"17":45,"18":6,"19":39,"20":14,"21":24,"22":24,"23":6,"24":18,"25":14,"26":4,"27":4,"28":1,"29":3,"30":14},"f":{"0":14,"1":4,"2":4,"3":0,"4":45,"5":24,"6":4},"b":{},"_coverageSchema":"1a1c01bbd47fc00a2c39e90264f33305004495a9","hash":"7751df86d46d822bc1086a005fc44587bebea14d"}
,"C:\\Users\\tiago\\Ambiente de Trabalho\\Tesp\\Nova pasta\\Projeto\\Trabalho Final\\backend\\src\\routes\\serviceTypes.js": {"path":"C:\\Users\\tiago\\Ambiente de Trabalho\\Tesp\\Nova pasta\\Projeto\\Trabalho Final\\backend\\src\\routes\\serviceTypes.js","statementMap":{"0":{"start":{"line":1,"column":16},"end":{"line":1,"column":34}},"1":{"start":{"line":3,"column":0},"end":{"line":54,"column":2}},"2":{"start":{"line":4,"column":17},"end":{"line":4,"column":33}},"3":{"start":{"line":5,"column":2},"end":{"line":12,"column":5}},"4":{"start":{"line":6,"column":4},"end":{"line":11,"column":5}},"5":{"start":{"line":7,"column":21},"end":{"line":7,"column":78}},"6":{"start":{"line":8,"column":6},"end":{"line":8,"column":35}},"7":{"start":{"line":10,"column":6},"end":{"line":10,"column":16}},"8":{"start":{"line":14,"column":2},"end":{"line":20,"column":5}},"9":{"start":{"line":15,"column":4},"end":{"line":19,"column":33}},"10":{"start":{"line":17,"column":8},"end":{"line":17,"column":37}},"11":{"start":{"line":19,"column":22},"end":{"line":19,"column":31}},"12":{"start":{"line":22,"column":2},"end":{"line":29,"column":5}},"13":{"start":{"line":23,"column":4},"end":{"line":28,"column":5}},"14":{"start":{"line":24,"column":21},"end":{"line":24,"column":85}},"15":{"start":{"line":25,"column":6},"end":{"line":25,"column":42}},"16":{"start":{"line":27,"column":6},"end":{"line":27,"column":23}},"17":{"start":{"line":31,"column":2},"end":{"line":42,"column":5}},"18":{"start":{"line":32,"column":4},"end":{"line":41,"column":5}},"19":{"start":{"line":33,"column":21},"end":{"line":37,"column":7}},"20":{"start":{"line":38,"column":6},"end":{"line":38,"column":35}},"21":{"start":{"line":40,"column":6},"end":{"line":40,"column":16}},"22":{"start":{"line":44,"column":2},"end":{"line":51,"column":5}},"23":{"start":{"line":45,"column":4},"end":{"line":50,"column":5}},"24":{"start":{"line":46,"column":6},"end":{"line":46,"column":76}},"25":{"start":{"line":47,"column":6},"end":{"line":47,"column":29}},"26":{"start":{"line":49,"column":6},"end":{"line":49,"column":16}},"27":{"start":{"line":53,"column":2},"end":{"line":53,"column":16}}},"fnMap":{"0":{"name":"(anonymous_0)","decl":{"start":{"line":3,"column":17},"end":{"line":3,"column":18}},"loc":{"start":{"line":3,"column":26},"end":{"line":54,"column":1}},"line":3},"1":{"name":"(anonymous_1)","decl":{"start":{"line":5,"column":18},"end":{"line":5,"column":19}},"loc":{"start":{"line":5,"column":44},"end":{"line":12,"column":3}},"line":5},"2":{"name":"(anonymous_2)","decl":{"start":{"line":14,"column":21},"end":{"line":14,"column":22}},"loc":{"start":{"line":14,"column":41},"end":{"line":20,"column":3}},"line":14},"3":{"name":"(anonymous_3)","decl":{"start":{"line":16,"column":12},"end":{"line":16,"column":13}},"loc":{"start":{"line":16,"column":24},"end":{"line":18,"column":7}},"line":16},"4":{"name":"(anonymous_4)","decl":{"start":{"line":19,"column":13},"end":{"line":19,"column":14}},"loc":{"start":{"line":19,"column":22},"end":{"line":19,"column":31}},"line":19},"5":{"name":"(anonymous_5)","decl":{"start":{"line":22,"column":19},"end":{"line":22,"column":20}},"loc":{"start":{"line":22,"column":45},"end":{"line":29,"column":3}},"line":22},"6":{"name":"(anonymous_6)","decl":{"start":{"line":31,"column":21},"end":{"line":31,"column":22}},"loc":{"start":{"line":31,"column":47},"end":{"line":42,"column":3}},"line":31},"7":{"name":"(anonymous_7)","decl":{"start":{"line":44,"column":24},"end":{"line":44,"column":25}},"loc":{"start":{"line":44,"column":50},"end":{"line":51,"column":3}},"line":44}},"branchMap":{},"s":{"0":14,"1":14,"2":14,"3":14,"4":2,"5":2,"6":2,"7":0,"8":14,"9":0,"10":0,"11":0,"12":14,"13":5,"14":5,"15":2,"16":3,"17":14,"18":4,"19":4,"20":1,"21":3,"22":14,"23":3,"24":3,"25":1,"26":2,"27":14},"f":{"0":14,"1":2,"2":0,"3":0,"4":0,"5":5,"6":4,"7":3},"b":{},"_coverageSchema":"1a1c01bbd47fc00a2c39e90264f33305004495a9","hash":"e1e02dcf057b5c646439484a0168cc848a36adc8"}
,"C:\\Users\\tiago\\Ambiente de Trabalho\\Tesp\\Nova pasta\\Projeto\\Trabalho Final\\backend\\src\\routes\\users.js": {"path":"C:\\Users\\tiago\\Ambiente de Trabalho\\Tesp\\Nova pasta\\Projeto\\Trabalho Final\\backend\\src\\routes\\users.js","statementMap":{"0":{"start":{"line":1,"column":16},"end":{"line":1,"column":34}},"1":{"start":{"line":3,"column":0},"end":{"line":52,"column":2}},"2":{"start":{"line":4,"column":17},"end":{"line":4,"column":33}},"3":{"start":{"line":6,"column":2},"end":{"line":14,"column":5}},"4":{"start":{"line":7,"column":4},"end":{"line":13,"column":33}},"5":{"start":{"line":9,"column":33},"end":{"line":9,"column":39}},"6":{"start":{"line":10,"column":8},"end":{"line":10,"column":47}},"7":{"start":{"line":11,"column":8},"end":{"line":11,"column":43}},"8":{"start":{"line":13,"column":22},"end":{"line":13,"column":31}},"9":{"start":{"line":16,"column":2},"end":{"line":22,"column":5}},"10":{"start":{"line":17,"column":4},"end":{"line":21,"column":33}},"11":{"start":{"line":19,"column":8},"end":{"line":19,"column":37}},"12":{"start":{"line":21,"column":22},"end":{"line":21,"column":31}},"13":{"start":{"line":24,"column":2},"end":{"line":31,"column":5}},"14":{"start":{"line":25,"column":4},"end":{"line":30,"column":5}},"15":{"start":{"line":26,"column":21},"end":{"line":26,"column":86}},"16":{"start":{"line":27,"column":6},"end":{"line":27,"column":35}},"17":{"start":{"line":29,"column":6},"end":{"line":29,"column":16}},"18":{"start":{"line":33,"column":2},"end":{"line":39,"column":5}},"19":{"start":{"line":34,"column":4},"end":{"line":38,"column":33}},"20":{"start":{"line":36,"column":8},"end":{"line":36,"column":37}},"21":{"start":{"line":38,"column":22},"end":{"line":38,"column":31}},"22":{"start":{"line":42,"column":2},"end":{"line":49,"column":5}},"23":{"start":{"line":43,"column":4},"end":{"line":48,"column":5}},"24":{"start":{"line":44,"column":6},"end":{"line":44,"column":66}},"25":{"start":{"line":45,"column":6},"end":{"line":45,"column":29}},"26":{"start":{"line":47,"column":6},"end":{"line":47,"column":16}},"27":{"start":{"line":51,"column":2},"end":{"line":51,"column":16}}},"fnMap":{"0":{"name":"(anonymous_0)","decl":{"start":{"line":3,"column":17},"end":{"line":3,"column":18}},"loc":{"start":{"line":3,"column":26},"end":{"line":52,"column":1}},"line":3},"1":{"name":"(anonymous_1)","decl":{"start":{"line":6,"column":18},"end":{"line":6,"column":19}},"loc":{"start":{"line":6,"column":38},"end":{"line":14,"column":3}},"line":6},"2":{"name":"(anonymous_2)","decl":{"start":{"line":8,"column":12},"end":{"line":8,"column":13}},"loc":{"start":{"line":8,"column":24},"end":{"line":12,"column":7}},"line":8},"3":{"name":"(anonymous_3)","decl":{"start":{"line":13,"column":13},"end":{"line":13,"column":14}},"loc":{"start":{"line":13,"column":22},"end":{"line":13,"column":31}},"line":13},"4":{"name":"(anonymous_4)","decl":{"start":{"line":16,"column":21},"end":{"line":16,"column":22}},"loc":{"start":{"line":16,"column":41},"end":{"line":22,"column":3}},"line":16},"5":{"name":"(anonymous_5)","decl":{"start":{"line":18,"column":12},"end":{"line":18,"column":13}},"loc":{"start":{"line":18,"column":24},"end":{"line":20,"column":7}},"line":18},"6":{"name":"(anonymous_6)","decl":{"start":{"line":21,"column":13},"end":{"line":21,"column":14}},"loc":{"start":{"line":21,"column":22},"end":{"line":21,"column":31}},"line":21},"7":{"name":"(anonymous_7)","decl":{"start":{"line":24,"column":21},"end":{"line":24,"column":22}},"loc":{"start":{"line":24,"column":47},"end":{"line":31,"column":3}},"line":24},"8":{"name":"(anonymous_8)","decl":{"start":{"line":33,"column":30},"end":{"line":33,"column":31}},"loc":{"start":{"line":33,"column":50},"end":{"line":39,"column":3}},"line":33},"9":{"name":"(anonymous_9)","decl":{"start":{"line":35,"column":12},"end":{"line":35,"column":13}},"loc":{"start":{"line":35,"column":24},"end":{"line":37,"column":7}},"line":35},"10":{"name":"(anonymous_10)","decl":{"start":{"line":38,"column":13},"end":{"line":38,"column":14}},"loc":{"start":{"line":38,"column":22},"end":{"line":38,"column":31}},"line":38},"11":{"name":"(anonymous_11)","decl":{"start":{"line":42,"column":24},"end":{"line":42,"column":25}},"loc":{"start":{"line":42,"column":50},"end":{"line":49,"column":3}},"line":42}},"branchMap":{},"s":{"0":14,"1":14,"2":14,"3":14,"4":2,"5":2,"6":2,"7":2,"8":0,"9":14,"10":1,"11":1,"12":0,"13":14,"14":11,"15":11,"16":4,"17":7,"18":14,"19":0,"20":0,"21":0,"22":14,"23":2,"24":2,"25":1,"26":1,"27":14},"f":{"0":14,"1":2,"2":2,"3":0,"4":1,"5":1,"6":0,"7":11,"8":0,"9":0,"10":0,"11":2},"b":{},"_coverageSchema":"1a1c01bbd47fc00a2c39e90264f33305004495a9","hash":"41234160012a1ccbb0f09799047527382122442b"}
,"C:\\Users\\tiago\\Ambiente de Trabalho\\Tesp\\Nova pasta\\Projeto\\Trabalho Final\\backend\\src\\services\\client.js": {"path":"C:\\Users\\tiago\\Ambiente de Trabalho\\Tesp\\Nova pasta\\Projeto\\Trabalho Final\\backend\\src\\services\\client.js","statementMap":{"0":{"start":{"line":1,"column":24},"end":{"line":1,"column":60}},"1":{"start":{"line":2,"column":23},"end":{"line":2,"column":58}},"2":{"start":{"line":4,"column":0},"end":{"line":138,"column":2}},"3":{"start":{"line":5,"column":18},"end":{"line":28,"column":3}},"4":{"start":{"line":6,"column":24},"end":{"line":6,"column":33}},"5":{"start":{"line":7,"column":21},"end":{"line":7,"column":23}},"6":{"start":{"line":8,"column":19},"end":{"line":8,"column":47}},"7":{"start":{"line":10,"column":20},"end":{"line":22,"column":21}},"8":{"start":{"line":24,"column":23},"end":{"line":24,"column":80}},"9":{"start":{"line":25,"column":25},"end":{"line":25,"column":55}},"10":{"start":{"line":27,"column":4},"end":{"line":27,"column":37}},"11":{"start":{"line":30,"column":18},"end":{"line":32,"column":3}},"12":{"start":{"line":31,"column":4},"end":{"line":31,"column":51}},"13":{"start":{"line":34,"column":19},"end":{"line":43,"column":3}},"14":{"start":{"line":35,"column":21},"end":{"line":35,"column":30}},"15":{"start":{"line":36,"column":4},"end":{"line":42,"column":106}},"16":{"start":{"line":45,"column":15},"end":{"line":72,"column":3}},"17":{"start":{"line":46,"column":4},"end":{"line":69,"column":5}},"18":{"start":{"line":47,"column":6},"end":{"line":47,"column":100}},"19":{"start":{"line":47,"column":29},"end":{"line":47,"column":100}},"20":{"start":{"line":48,"column":6},"end":{"line":48,"column":97}},"21":{"start":{"line":48,"column":28},"end":{"line":48,"column":97}},"22":{"start":{"line":49,"column":6},"end":{"line":49,"column":105}},"23":{"start":{"line":49,"column":29},"end":{"line":49,"column":105}},"24":{"start":{"line":51,"column":18},"end":{"line":57,"column":7}},"25":{"start":{"line":59,"column":6},"end":{"line":59,"column":71}},"26":{"start":{"line":59,"column":16},"end":{"line":59,"column":71}},"27":{"start":{"line":60,"column":21},"end":{"line":60,"column":30}},"28":{"start":{"line":62,"column":27},"end":{"line":67,"column":64}},"29":{"start":{"line":68,"column":6},"end":{"line":68,"column":29}},"30":{"start":{"line":71,"column":4},"end":{"line":71,"column":59}},"31":{"start":{"line":74,"column":17},"end":{"line":105,"column":3}},"32":{"start":{"line":75,"column":21},"end":{"line":75,"column":50}},"33":{"start":{"line":76,"column":4},"end":{"line":76,"column":99}},"34":{"start":{"line":76,"column":25},"end":{"line":76,"column":99}},"35":{"start":{"line":78,"column":28},"end":{"line":78,"column":111}},"36":{"start":{"line":78,"column":74},"end":{"line":78,"column":110}},"37":{"start":{"line":80,"column":4},"end":{"line":103,"column":5}},"38":{"start":{"line":81,"column":27},"end":{"line":81,"column":43}},"39":{"start":{"line":82,"column":26},"end":{"line":82,"column":41}},"40":{"start":{"line":83,"column":28},"end":{"line":83,"column":45}},"41":{"start":{"line":84,"column":26},"end":{"line":84,"column":41}},"42":{"start":{"line":85,"column":25},"end":{"line":85,"column":39}},"43":{"start":{"line":86,"column":27},"end":{"line":86,"column":43}},"44":{"start":{"line":87,"column":29},"end":{"line":87,"column":47}},"45":{"start":{"line":88,"column":23},"end":{"line":88,"column":35}},"46":{"start":{"line":90,"column":6},"end":{"line":99,"column":9}},"47":{"start":{"line":101,"column":29},"end":{"line":101,"column":50}},"48":{"start":{"line":102,"column":6},"end":{"line":102,"column":28}},"49":{"start":{"line":104,"column":4},"end":{"line":104,"column":94}},"50":{"start":{"line":107,"column":23},"end":{"line":133,"column":3}},"51":{"start":{"line":108,"column":21},"end":{"line":108,"column":50}},"52":{"start":{"line":109,"column":4},"end":{"line":109,"column":101}},"53":{"start":{"line":109,"column":25},"end":{"line":109,"column":101}},"54":{"start":{"line":111,"column":22},"end":{"line":111,"column":43}},"55":{"start":{"line":112,"column":4},"end":{"line":114,"column":5}},"56":{"start":{"line":113,"column":6},"end":{"line":113,"column":58}},"57":{"start":{"line":116,"column":17},"end":{"line":116,"column":74}},"58":{"start":{"line":117,"column":4},"end":{"line":119,"column":5}},"59":{"start":{"line":118,"column":6},"end":{"line":118,"column":61}},"60":{"start":{"line":121,"column":24},"end":{"line":121,"column":26}},"61":{"start":{"line":122,"column":4},"end":{"line":130,"column":5}},"62":{"start":{"line":123,"column":6},"end":{"line":123,"column":69}},"63":{"start":{"line":125,"column":6},"end":{"line":129,"column":7}},"64":{"start":{"line":126,"column":8},"end":{"line":128,"column":17}},"65":{"start":{"line":132,"column":4},"end":{"line":132,"column":25}},"66":{"start":{"line":135,"column":2},"end":{"line":137,"column":4}}},"fnMap":{"0":{"name":"(anonymous_0)","decl":{"start":{"line":4,"column":17},"end":{"line":4,"column":18}},"loc":{"start":{"line":4,"column":26},"end":{"line":138,"column":1}},"line":4},"1":{"name":"(anonymous_1)","decl":{"start":{"line":5,"column":18},"end":{"line":5,"column":19}},"loc":{"start":{"line":5,"column":47},"end":{"line":28,"column":3}},"line":5},"2":{"name":"(anonymous_2)","decl":{"start":{"line":30,"column":18},"end":{"line":30,"column":19}},"loc":{"start":{"line":30,"column":35},"end":{"line":32,"column":3}},"line":30},"3":{"name":"(anonymous_3)","decl":{"start":{"line":34,"column":19},"end":{"line":34,"column":20}},"loc":{"start":{"line":34,"column":31},"end":{"line":43,"column":3}},"line":34},"4":{"name":"(anonymous_4)","decl":{"start":{"line":45,"column":15},"end":{"line":45,"column":16}},"loc":{"start":{"line":45,"column":33},"end":{"line":72,"column":3}},"line":45},"5":{"name":"(anonymous_5)","decl":{"start":{"line":74,"column":17},"end":{"line":74,"column":18}},"loc":{"start":{"line":74,"column":50},"end":{"line":105,"column":3}},"line":74},"6":{"name":"(anonymous_6)","decl":{"start":{"line":78,"column":56},"end":{"line":78,"column":57}},"loc":{"start":{"line":78,"column":74},"end":{"line":78,"column":110}},"line":78},"7":{"name":"(anonymous_7)","decl":{"start":{"line":107,"column":23},"end":{"line":107,"column":24}},"loc":{"start":{"line":107,"column":48},"end":{"line":133,"column":3}},"line":107}},"branchMap":{"0":{"loc":{"start":{"line":5,"column":31},"end":{"line":5,"column":42}},"type":"default-arg","locations":[{"start":{"line":5,"column":40},"end":{"line":5,"column":42}}],"line":5},"1":{"loc":{"start":{"line":6,"column":24},"end":{"line":6,"column":33}},"type":"binary-expr","locations":[{"start":{"line":6,"column":24},"end":{"line":6,"column":28}},{"start":{"line":6,"column":32},"end":{"line":6,"column":33}}],"line":6},"2":{"loc":{"start":{"line":30,"column":19},"end":{"line":30,"column":30}},"type":"default-arg","locations":[{"start":{"line":30,"column":28},"end":{"line":30,"column":30}}],"line":30},"3":{"loc":{"start":{"line":46,"column":4},"end":{"line":69,"column":5}},"type":"if","locations":[{"start":{"line":46,"column":4},"end":{"line":69,"column":5}},{"start":{},"end":{}}],"line":46},"4":{"loc":{"start":{"line":47,"column":6},"end":{"line":47,"column":100}},"type":"if","locations":[{"start":{"line":47,"column":6},"end":{"line":47,"column":100}},{"start":{},"end":{}}],"line":47},"5":{"loc":{"start":{"line":48,"column":6},"end":{"line":48,"column":97}},"type":"if","locations":[{"start":{"line":48,"column":6},"end":{"line":48,"column":97}},{"start":{},"end":{}}],"line":48},"6":{"loc":{"start":{"line":49,"column":6},"end":{"line":49,"column":105}},"type":"if","locations":[{"start":{"line":49,"column":6},"end":{"line":49,"column":105}},{"start":{},"end":{}}],"line":49},"7":{"loc":{"start":{"line":59,"column":6},"end":{"line":59,"column":71}},"type":"if","locations":[{"start":{"line":59,"column":6},"end":{"line":59,"column":71}},{"start":{},"end":{}}],"line":59},"8":{"loc":{"start":{"line":76,"column":4},"end":{"line":76,"column":99}},"type":"if","locations":[{"start":{"line":76,"column":4},"end":{"line":76,"column":99}},{"start":{},"end":{}}],"line":76},"9":{"loc":{"start":{"line":78,"column":74},"end":{"line":78,"column":110}},"type":"binary-expr","locations":[{"start":{"line":78,"column":74},"end":{"line":78,"column":92}},{"start":{"line":78,"column":96},"end":{"line":78,"column":110}}],"line":78},"10":{"loc":{"start":{"line":80,"column":4},"end":{"line":103,"column":5}},"type":"if","locations":[{"start":{"line":80,"column":4},"end":{"line":103,"column":5}},{"start":{},"end":{}}],"line":80},"11":{"loc":{"start":{"line":91,"column":12},"end":{"line":91,"column":55}},"type":"binary-expr","locations":[{"start":{"line":91,"column":12},"end":{"line":91,"column":24}},{"start":{"line":91,"column":28},"end":{"line":91,"column":55}}],"line":91},"12":{"loc":{"start":{"line":92,"column":12},"end":{"line":92,"column":52}},"type":"binary-expr","locations":[{"start":{"line":92,"column":12},"end":{"line":92,"column":23}},{"start":{"line":92,"column":27},"end":{"line":92,"column":52}}],"line":92},"13":{"loc":{"start":{"line":93,"column":12},"end":{"line":93,"column":58}},"type":"binary-expr","locations":[{"start":{"line":93,"column":12},"end":{"line":93,"column":25}},{"start":{"line":93,"column":29},"end":{"line":93,"column":58}}],"line":93},"14":{"loc":{"start":{"line":94,"column":12},"end":{"line":94,"column":52}},"type":"binary-expr","locations":[{"start":{"line":94,"column":12},"end":{"line":94,"column":23}},{"start":{"line":94,"column":27},"end":{"line":94,"column":52}}],"line":94},"15":{"loc":{"start":{"line":95,"column":12},"end":{"line":95,"column":49}},"type":"binary-expr","locations":[{"start":{"line":95,"column":12},"end":{"line":95,"column":22}},{"start":{"line":95,"column":26},"end":{"line":95,"column":49}}],"line":95},"16":{"loc":{"start":{"line":96,"column":12},"end":{"line":96,"column":55}},"type":"binary-expr","locations":[{"start":{"line":96,"column":12},"end":{"line":96,"column":24}},{"start":{"line":96,"column":28},"end":{"line":96,"column":55}}],"line":96},"17":{"loc":{"start":{"line":97,"column":12},"end":{"line":97,"column":61}},"type":"binary-expr","locations":[{"start":{"line":97,"column":12},"end":{"line":97,"column":26}},{"start":{"line":97,"column":30},"end":{"line":97,"column":61}}],"line":97},"18":{"loc":{"start":{"line":98,"column":12},"end":{"line":98,"column":43}},"type":"binary-expr","locations":[{"start":{"line":98,"column":12},"end":{"line":98,"column":20}},{"start":{"line":98,"column":24},"end":{"line":98,"column":43}}],"line":98},"19":{"loc":{"start":{"line":109,"column":4},"end":{"line":109,"column":101}},"type":"if","locations":[{"start":{"line":109,"column":4},"end":{"line":109,"column":101}},{"start":{},"end":{}}],"line":109},"20":{"loc":{"start":{"line":112,"column":4},"end":{"line":114,"column":5}},"type":"if","locations":[{"start":{"line":112,"column":4},"end":{"line":114,"column":5}},{"start":{},"end":{}}],"line":112},"21":{"loc":{"start":{"line":117,"column":4},"end":{"line":119,"column":5}},"type":"if","locations":[{"start":{"line":117,"column":4},"end":{"line":119,"column":5}},{"start":{},"end":{}}],"line":117},"22":{"loc":{"start":{"line":122,"column":4},"end":{"line":130,"column":5}},"type":"if","locations":[{"start":{"line":122,"column":4},"end":{"line":130,"column":5}},{"start":{},"end":{}}],"line":122},"23":{"loc":{"start":{"line":125,"column":6},"end":{"line":129,"column":7}},"type":"if","locations":[{"start":{"line":125,"column":6},"end":{"line":129,"column":7}},{"start":{},"end":{}}],"line":125}},"s":{"0":14,"1":14,"2":14,"3":14,"4":2,"5":2,"6":2,"7":2,"8":2,"9":2,"10":2,"11":14,"12":49,"13":14,"14":0,"15":0,"16":14,"17":6,"18":6,"19":1,"20":5,"21":1,"22":4,"23":1,"24":3,"25":3,"26":0,"27":3,"28":3,"29":3,"30":0,"31":14,"32":10,"33":10,"34":1,"35":9,"36":16,"37":9,"38":8,"39":8,"40":8,"41":8,"42":8,"43":8,"44":8,"45":8,"46":8,"47":8,"48":8,"49":1,"50":14,"51":2,"52":2,"53":1,"54":1,"55":1,"56":0,"57":1,"58":1,"59":0,"60":1,"61":1,"62":1,"63":1,"64":1,"65":1,"66":14},"f":{"0":14,"1":2,"2":49,"3":0,"4":6,"5":10,"6":16,"7":2},"b":{"0":[0],"1":[2,1],"2":[0],"3":[6,0],"4":[1,5],"5":[1,4],"6":[1,3],"7":[0,3],"8":[1,9],"9":[16,15],"10":[8,1],"11":[8,1],"12":[8,1],"13":[8,1],"14":[8,1],"15":[8,1],"16":[8,1],"17":[8,1],"18":[8,1],"19":[1,1],"20":[0,1],"21":[0,1],"22":[1,0],"23":[1,0]},"_coverageSchema":"1a1c01bbd47fc00a2c39e90264f33305004495a9","hash":"62ab4e44640493c5a81834b7e991a2c0340f5848"}
,"C:\\Users\\tiago\\Ambiente de Trabalho\\Tesp\\Nova pasta\\Projeto\\Trabalho Final\\backend\\src\\services\\county.js": {"path":"C:\\Users\\tiago\\Ambiente de Trabalho\\Tesp\\Nova pasta\\Projeto\\Trabalho Final\\backend\\src\\services\\county.js","statementMap":{"0":{"start":{"line":1,"column":24},"end":{"line":1,"column":60}},"1":{"start":{"line":2,"column":23},"end":{"line":2,"column":58}},"2":{"start":{"line":4,"column":0},"end":{"line":104,"column":2}},"3":{"start":{"line":5,"column":25},"end":{"line":17,"column":3}},"4":{"start":{"line":6,"column":20},"end":{"line":14,"column":7}},"5":{"start":{"line":16,"column":4},"end":{"line":16,"column":19}},"6":{"start":{"line":19,"column":24},"end":{"line":21,"column":3}},"7":{"start":{"line":20,"column":4},"end":{"line":20,"column":51}},"8":{"start":{"line":23,"column":21},"end":{"line":52,"column":3}},"9":{"start":{"line":24,"column":4},"end":{"line":49,"column":5}},"10":{"start":{"line":25,"column":24},"end":{"line":25,"column":39}},"11":{"start":{"line":26,"column":6},"end":{"line":26,"column":109}},"12":{"start":{"line":26,"column":43},"end":{"line":26,"column":109}},"13":{"start":{"line":28,"column":6},"end":{"line":32,"column":7}},"14":{"start":{"line":29,"column":8},"end":{"line":31,"column":10}},"15":{"start":{"line":33,"column":6},"end":{"line":33,"column":100}},"16":{"start":{"line":33,"column":32},"end":{"line":33,"column":98}},"17":{"start":{"line":35,"column":18},"end":{"line":37,"column":8}},"18":{"start":{"line":39,"column":6},"end":{"line":39,"column":65}},"19":{"start":{"line":39,"column":16},"end":{"line":39,"column":65}},"20":{"start":{"line":41,"column":27},"end":{"line":47,"column":7}},"21":{"start":{"line":48,"column":6},"end":{"line":48,"column":29}},"22":{"start":{"line":51,"column":4},"end":{"line":51,"column":59}},"23":{"start":{"line":54,"column":23},"end":{"line":81,"column":3}},"24":{"start":{"line":55,"column":22},"end":{"line":55,"column":37}},"25":{"start":{"line":56,"column":4},"end":{"line":56,"column":107}},"26":{"start":{"line":56,"column":41},"end":{"line":56,"column":107}},"27":{"start":{"line":58,"column":22},"end":{"line":58,"column":49}},"28":{"start":{"line":59,"column":4},"end":{"line":61,"column":5}},"29":{"start":{"line":60,"column":6},"end":{"line":60,"column":59}},"30":{"start":{"line":62,"column":20},"end":{"line":62,"column":31}},"31":{"start":{"line":63,"column":26},"end":{"line":63,"column":43}},"32":{"start":{"line":65,"column":16},"end":{"line":67,"column":6}},"33":{"start":{"line":69,"column":4},"end":{"line":69,"column":63}},"34":{"start":{"line":69,"column":14},"end":{"line":69,"column":63}},"35":{"start":{"line":71,"column":4},"end":{"line":77,"column":9}},"36":{"start":{"line":79,"column":25},"end":{"line":79,"column":52}},"37":{"start":{"line":80,"column":4},"end":{"line":80,"column":24}},"38":{"start":{"line":83,"column":23},"end":{"line":95,"column":3}},"39":{"start":{"line":84,"column":22},"end":{"line":84,"column":37}},"40":{"start":{"line":85,"column":4},"end":{"line":85,"column":106}},"41":{"start":{"line":85,"column":41},"end":{"line":85,"column":106}},"42":{"start":{"line":87,"column":22},"end":{"line":87,"column":49}},"43":{"start":{"line":88,"column":4},"end":{"line":90,"column":5}},"44":{"start":{"line":89,"column":6},"end":{"line":89,"column":59}},"45":{"start":{"line":92,"column":26},"end":{"line":92,"column":72}},"46":{"start":{"line":94,"column":4},"end":{"line":94,"column":25}},"47":{"start":{"line":97,"column":2},"end":{"line":103,"column":4}}},"fnMap":{"0":{"name":"(anonymous_0)","decl":{"start":{"line":4,"column":17},"end":{"line":4,"column":18}},"loc":{"start":{"line":4,"column":26},"end":{"line":104,"column":1}},"line":4},"1":{"name":"(anonymous_1)","decl":{"start":{"line":5,"column":25},"end":{"line":5,"column":26}},"loc":{"start":{"line":5,"column":42},"end":{"line":17,"column":3}},"line":5},"2":{"name":"(anonymous_2)","decl":{"start":{"line":19,"column":24},"end":{"line":19,"column":25}},"loc":{"start":{"line":19,"column":41},"end":{"line":21,"column":3}},"line":19},"3":{"name":"(anonymous_3)","decl":{"start":{"line":23,"column":21},"end":{"line":23,"column":22}},"loc":{"start":{"line":23,"column":50},"end":{"line":52,"column":3}},"line":23},"4":{"name":"(anonymous_4)","decl":{"start":{"line":54,"column":23},"end":{"line":54,"column":24}},"loc":{"start":{"line":54,"column":56},"end":{"line":81,"column":3}},"line":54},"5":{"name":"(anonymous_5)","decl":{"start":{"line":83,"column":23},"end":{"line":83,"column":24}},"loc":{"start":{"line":83,"column":48},"end":{"line":95,"column":3}},"line":83}},"branchMap":{"0":{"loc":{"start":{"line":5,"column":26},"end":{"line":5,"column":37}},"type":"default-arg","locations":[{"start":{"line":5,"column":35},"end":{"line":5,"column":37}}],"line":5},"1":{"loc":{"start":{"line":19,"column":25},"end":{"line":19,"column":36}},"type":"default-arg","locations":[{"start":{"line":19,"column":34},"end":{"line":19,"column":36}}],"line":19},"2":{"loc":{"start":{"line":24,"column":4},"end":{"line":49,"column":5}},"type":"if","locations":[{"start":{"line":24,"column":4},"end":{"line":49,"column":5}},{"start":{},"end":{}}],"line":24},"3":{"loc":{"start":{"line":24,"column":8},"end":{"line":24,"column":62}},"type":"binary-expr","locations":[{"start":{"line":24,"column":8},"end":{"line":24,"column":28}},{"start":{"line":24,"column":32},"end":{"line":24,"column":62}}],"line":24},"4":{"loc":{"start":{"line":26,"column":6},"end":{"line":26,"column":109}},"type":"if","locations":[{"start":{"line":26,"column":6},"end":{"line":26,"column":109}},{"start":{},"end":{}}],"line":26},"5":{"loc":{"start":{"line":28,"column":6},"end":{"line":32,"column":7}},"type":"if","locations":[{"start":{"line":28,"column":6},"end":{"line":32,"column":7}},{"start":{},"end":{}}],"line":28},"6":{"loc":{"start":{"line":33,"column":6},"end":{"line":33,"column":100}},"type":"if","locations":[{"start":{"line":33,"column":6},"end":{"line":33,"column":100}},{"start":{},"end":{}}],"line":33},"7":{"loc":{"start":{"line":
[...]
":7}},"line":10},"4":{"name":"(anonymous_4)","decl":{"start":{"line":16,"column":25},"end":{"line":16,"column":26}},"loc":{"start":{"line":16,"column":42},"end":{"line":18,"column":3}},"line":16},"5":{"name":"(anonymous_5)","decl":{"start":{"line":20,"column":24},"end":{"line":20,"column":25}},"loc":{"start":{"line":20,"column":54},"end":{"line":39,"column":3}},"line":20},"6":{"name":"(anonymous_6)","decl":{"start":{"line":41,"column":24},"end":{"line":41,"column":25}},"loc":{"start":{"line":41,"column":58},"end":{"line":63,"column":3}},"line":41},"7":{"name":"(anonymous_7)","decl":{"start":{"line":65,"column":24},"end":{"line":65,"column":25}},"loc":{"start":{"line":65,"column":49},"end":{"line":77,"column":3}},"line":65}},"branchMap":{"0":{"loc":{"start":{"line":5,"column":28},"end":{"line":5,"column":39}},"type":"default-arg","locations":[{"start":{"line":5,"column":37},"end":{"line":5,"column":39}}],"line":5},"1":{"loc":{"start":{"line":16,"column":26},"end":{"line":16,"column":37}},"type":"default-arg","locations":[{"start":{"line":16,"column":35},"end":{"line":16,"column":37}}],"line":16},"2":{"loc":{"start":{"line":21,"column":4},"end":{"line":36,"column":5}},"type":"if","locations":[{"start":{"line":21,"column":4},"end":{"line":36,"column":5}},{"start":{},"end":{}}],"line":21},"3":{"loc":{"start":{"line":23,"column":6},"end":{"line":23,"column":108}},"type":"if","locations":[{"start":{"line":23,"column":6},"end":{"line":23,"column":108}},{"start":{},"end":{}}],"line":23},"4":{"loc":{"start":{"line":25,"column":6},"end":{"line":25,"column":87}},"type":"if","locations":[{"start":{"line":25,"column":6},"end":{"line":25,"column":87}},{"start":{},"end":{}}],"line":25},"5":{"loc":{"start":{"line":28,"column":6},"end":{"line":30,"column":7}},"type":"if","locations":[{"start":{"line":28,"column":6},"end":{"line":30,"column":7}},{"start":{},"end":{}}],"line":28},"6":{"loc":{"start":{"line":43,"column":4},"end":{"line":43,"column":106}},"type":"if","locations":[{"start":{"line":43,"column":4},"end":{"line":43,"column":106}},{"start":{},"end":{}}],"line":43},"7":{"loc":{"start":{"line":47,"column":4},"end":{"line":49,"column":5}},"type":"if","locations":[{"start":{"line":47,"column":4},"end":{"line":49,"column":5}},{"start":{},"end":{}}],"line":47},"8":{"loc":{"start":{"line":53,"column":4},"end":{"line":55,"column":5}},"type":"if","locations":[{"start":{"line":53,"column":4},"end":{"line":55,"column":5}},{"start":{},"end":{}}],"line":53},"9":{"loc":{"start":{"line":58,"column":10},"end":{"line":58,"column":52}},"type":"binary-expr","locations":[{"start":{"line":58,"column":10},"end":{"line":58,"column":24}},{"start":{"line":58,"column":28},"end":{"line":58,"column":52}}],"line":58},"10":{"loc":{"start":{"line":67,"column":4},"end":{"line":67,"column":105}},"type":"if","locations":[{"start":{"line":67,"column":4},"end":{"line":67,"column":105}},{"start":{},"end":{}}],"line":67},"11":{"loc":{"start":{"line":70,"column":4},"end":{"line":72,"column":5}},"type":"if","locations":[{"start":{"line":70,"column":4},"end":{"line":72,"column":5}},{"start":{},"end":{}}],"line":70}},"s":{"0":14,"1":14,"2":14,"3":14,"4":13,"5":13,"6":38,"7":14,"8":41,"9":14,"10":5,"11":5,"12":5,"13":1,"14":4,"15":1,"16":3,"17":3,"18":1,"19":2,"20":2,"21":0,"22":14,"23":4,"24":4,"25":1,"26":3,"27":3,"28":1,"29":2,"30":2,"31":2,"32":1,"33":1,"34":1,"35":1,"36":14,"37":3,"38":3,"39":1,"40":2,"41":2,"42":1,"43":1,"44":1,"45":14},"f":{"0":14,"1":13,"2":13,"3":38,"4":41,"5":5,"6":4,"7":3},"b":{"0":[0],"1":[0],"2":[5,0],"3":[1,4],"4":[1,3],"5":[1,2],"6":[1,3],"7":[1,2],"8":[1,1],"9":[1,1],"10":[1,2],"11":[1,1]},"_coverageSchema":"1a1c01bbd47fc00a2c39e90264f33305004495a9","hash":"bf91521185bcd49a3993408553145938eef0a556"}
,"C:\\Users\\tiago\\Ambiente de Trabalho\\Tesp\\Nova pasta\\Projeto\\Trabalho Final\\backend\\src\\services\\user.js": {"path":"C:\\Users\\tiago\\Ambiente de Trabalho\\Tesp\\Nova pasta\\Projeto\\Trabalho Final\\backend\\src\\services\\user.js","statementMap":{"0":{"start":{"line":1,"column":15},"end":{"line":1,"column":39}},"1":{"start":{"line":2,"column":24},"end":{"line":2,"column":60}},"2":{"start":{"line":3,"column":23},"end":{"line":3,"column":58}},"3":{"start":{"line":5,"column":0},"end":{"line":159,"column":2}},"4":{"start":{"line":6,"column":18},"end":{"line":22,"column":3}},"5":{"start":{"line":7,"column":24},"end":{"line":7,"column":33}},"6":{"start":{"line":8,"column":21},"end":{"line":8,"column":23}},"7":{"start":{"line":9,"column":19},"end":{"line":9,"column":47}},"8":{"start":{"line":11,"column":18},"end":{"line":16,"column":21}},"9":{"start":{"line":18,"column":23},"end":{"line":18,"column":78}},"10":{"start":{"line":19,"column":25},"end":{"line":19,"column":55}},"11":{"start":{"line":21,"column":4},"end":{"line":21,"column":35}},"12":{"start":{"line":24,"column":18},"end":{"line":26,"column":3}},"13":{"start":{"line":25,"column":4},"end":{"line":25,"column":49}},"14":{"start":{"line":28,"column":19},"end":{"line":37,"column":3}},"15":{"start":{"line":29,"column":19},"end":{"line":32,"column":14}},"16":{"start":{"line":33,"column":4},"end":{"line":35,"column":5}},"17":{"start":{"line":34,"column":6},"end":{"line":34,"column":61}},"18":{"start":{"line":36,"column":4},"end":{"line":36,"column":18}},"19":{"start":{"line":39,"column":24},"end":{"line":42,"column":3}},"20":{"start":{"line":40,"column":17},"end":{"line":40,"column":39}},"21":{"start":{"line":41,"column":4},"end":{"line":41,"column":43}},"22":{"start":{"line":45,"column":23},"end":{"line":45,"column":51}},"23":{"start":{"line":46,"column":4},"end":{"line":46,"column":34}},"24":{"start":{"line":50,"column":26},"end":{"line":50,"column":65}},"25":{"start":{"line":51,"column":4},"end":{"line":51,"column":40}},"26":{"start":{"line":54,"column":15},"end":{"line":76,"column":3}},"27":{"start":{"line":55,"column":4},"end":{"line":59,"column":5}},"28":{"start":{"line":56,"column":6},"end":{"line":56,"column":69}},"29":{"start":{"line":57,"column":11},"end":{"line":59,"column":5}},"30":{"start":{"line":58,"column":6},"end":{"line":58,"column":59}},"31":{"start":{"line":61,"column":4},"end":{"line":65,"column":5}},"32":{"start":{"line":62,"column":6},"end":{"line":62,"column":60}},"33":{"start":{"line":63,"column":11},"end":{"line":65,"column":5}},"34":{"start":{"line":64,"column":6},"end":{"line":64,"column":150}},"35":{"start":{"line":66,"column":4},"end":{"line":68,"column":5}},"36":{"start":{"line":67,"column":6},"end":{"line":67,"column":89}},"37":{"start":{"line":69,"column":19},"end":{"line":69,"column":55}},"38":{"start":{"line":70,"column":4},"end":{"line":70,"column":67}},"39":{"start":{"line":70,"column":16},"end":{"line":70,"column":67}},"40":{"start":{"line":72,"column":20},"end":{"line":72,"column":31}},"41":{"start":{"line":73,"column":4},"end":{"line":73,"column":35}},"42":{"start":{"line":74,"column":4},"end":{"line":74,"column":52}},"43":{"start":{"line":75,"column":4},"end":{"line":75,"column":60}},"44":{"start":{"line":78,"column":17},"end":{"line":128,"column":3}},"45":{"start":{"line":79,"column":19},"end":{"line":79,"column":42}},"46":{"start":{"line":80,"column":4},"end":{"line":80,"column":141}},"47":{"start":{"line":80,"column":64},"end":{"line":80,"column":141}},"48":{"start":{"line":81,"column":4},"end":{"line":126,"column":5}},"49":{"start":{"line":82,"column":24},"end":{"line":82,"column":45}},"50":{"start":{"line":83,"column":6},"end":{"line":85,"column":7}},"51":{"start":{"line":84,"column":8},"end":{"line":84,"column":63}},"52":{"start":{"line":87,"column":25},"end":{"line":87,"column":27}},"53":{"start":{"line":88,"column":6},"end":{"line":95,"column":7}},"54":{"start":{"line":89,"column":8},"end":{"line":91,"column":9}},"55":{"start":{"line":90,"column":10},"end":{"line":90,"column":63}},"56":{"start":{"line":92,"column":23},"end":{"line":92,"column":62}},"57":{"start":{"line":93,"column":8},"end":{"line":93,"column":71}},"58":{"start":{"line":93,"column":20},"end":{"line":93,"column":71}},"59":{"start":{"line":94,"column":8},"end":{"line":94,"column":41}},"60":{"start":{"line":97,"column":6},"end":{"line":99,"column":7}},"61":{"start":{"line":98,"column":8},"end":{"line":98,"column":95}},"62":{"start":{"line":101,"column":6},"end":{"line":112,"column":7}},"63":{"start":{"line":102,"column":28},"end":{"line":102,"column":41}},"64":{"start":{"line":103,"column":32},"end":{"line":103,"column":36}},"65":{"start":{"line":104,"column":8},"end":{"line":106,"column":9}},"66":{"start":{"line":105,"column":10},"end":{"line":105,"column":64}},"67":{"start":{"line":107,"column":8},"end":{"line":109,"column":9}},"68":{"start":{"line":108,"column":10},"end":{"line":108,"column":154}},"69":{"start":{"line":110,"column":32},"end":{"line":110,"column":58}},"70":{"start":{"line":111,"column":8},"end":{"line":111,"column":46}},"71":{"start":{"line":114,"column":6},"end":{"line":116,"column":7}},"72":{"start":{"line":115,"column":8},"end":{"line":115,"column":54}},"73":{"start":{"line":118,"column":6},"end":{"line":120,"column":7}},"74":{"start":{"line":119,"column":8},"end":{"line":119,"column":40}},"75":{"start":{"line":122,"column":6},"end":{"line":122,"column":61}},"76":{"start":{"line":124,"column":29},"end":{"line":124,"column":50}},"77":{"start":{"line":125,"column":6},"end":{"line":125,"column":28}},"78":{"start":{"line":127,"column":4},"end":{"line":127,"column":63}},"79":{"start":{"line":130,"column":21},"end":{"line":154,"column":3}},"80":{"start":{"line":131,"column":19},"end":{"line":131,"column":42}},"81":{"start":{"line":132,"column":4},"end":{"line":132,"column":141}},"82":{"start":{"line":132,"column":64},"end":{"line":132,"column":141}},"83":{"start":{"line":134,"column":22},"end":{"line":134,"column":43}},"84":{"start":{"line":136,"column":4},"end":{"line":138,"column":5}},"85":{"start":{"line":137,"column":6},"end":{"line":137,"column":61}},"86":{"start":{"line":140,"column":17},"end":{"line":140,"column":70}},"87":{"start":{"line":141,"column":4},"end":{"line":143,"column":5}},"88":{"start":{"line":142,"column":6},"end":{"line":142,"column":65}},"89":{"start":{"line":145,"column":16},"end":{"line":145,"column":65}},"90":{"start":{"line":146,"column":4},"end":{"line":148,"column":5}},"91":{"start":{"line":147,"column":6},"end":{"line":147,"column":61}},"92":{"start":{"line":150,"column":24},"end":{"line":152,"column":12}},"93":{"start":{"line":153,"column":4},"end":{"line":153,"column":23}},"94":{"start":{"line":156,"column":2},"end":{"line":158,"column":4}}},"fnMap":{"0":{"name":"(anonymous_0)","decl":{"start":{"line":5,"column":17},"end":{"line":5,"column":18}},"loc":{"start":{"line":5,"column":26},"end":{"line":159,"column":1}},"line":5},"1":{"name":"(anonymous_1)","decl":{"start":{"line":6,"column":18},"end":{"line":6,"column":19}},"loc":{"start":{"line":6,"column":47},"end":{"line":22,"column":3}},"line":6},"2":{"name":"(anonymous_2)","decl":{"start":{"line":24,"column":18},"end":{"line":24,"column":19}},"loc":{"start":{"line":24,"column":35},"end":{"line":26,"column":3}},"line":24},"3":{"name":"(anonymous_3)","decl":{"start":{"line":28,"column":19},"end":{"line":28,"column":20}},"loc":{"start":{"line":28,"column":42},"end":{"line":37,"column":3}},"line":28},"4":{"name":"(anonymous_4)","decl":{"start":{"line":39,"column":24},"end":{"line":39,"column":25}},"loc":{"start":{"line":39,"column":38},"end":{"line":42,"column":3}},"line":39},"5":{"name":"isValidEmail","decl":{"start":{"line":44,"column":11},"end":{"line":44,"column":23}},"loc":{"start":{"line":44,"column":31},"end":{"line":47,"column":3}},"line":44},"6":{"name":"isValidPassword","decl":{"start":{"line":49,"column":11},"end":{"line":49,"column":26}},"loc":{"start":{"line":49,"column":37},"end":{"line":52,"column":3}},"line":49},"7":{"name":"(anonymous_7)","decl":{"start":{"line":54,"column":15},"end":{"line":54,"column":16}},"loc":{"start":{"line":54,"column":31},"end":{"line":76,"column":3}},"line":54},"8":{"name":"(anonymous_8)","decl":{"start":{"line":78,"column":17},"end":{"line":78,"column":18}},"loc":{"start":{"line":78,"column":48},"end":{"line":128,"column":3}},"line":78},"9":{"name":"(anonymous_9)","decl":{"start":{"line":130,"column":21},"end":{"line":130,"column":22}},"loc":{"start":{"line":130,"column":46},"end":{"line":154,"column":3}},"line":130}},"branchMap":{"0":{"loc":{"start":{"line":6,"column":31},"end":{"line":6,"column":42}},"type":"default-arg","locations":[{"start":{"line":6,"column":40},"end":{"line":6,"column":42}}],"line":6},"1":{"loc":{"start":{"line":7,"column":24},"end":{"line":7,"column":33}},"type":"binary-expr","locations":[{"start":{"line":7,"column":24},"end":{"line":7,"column":28}},{"start":{"line":7,"column":32},"end":{"line":7,"column":33}}],"line":7},"2":{"loc":{"start":{"line":24,"column":19},"end":{"line":24,"column":30}},"type":"default-arg","locations":[{"start":{"line":24,"column":28},"end":{"line":24,"column":30}}],"line":24},"3":{"loc":{"start":{"line":28,"column":26},"end":{"line":28,"column":37}},"type":"default-arg","locations":[{"start":{"line":28,"column":35},"end":{"line":28,"column":37}}],"line":28},"4":{"loc":{"start":{"line":33,"column":4},"end":{"line":35,"column":5}},"type":"if","locations":[{"start":{"line":33,"column":4},"end":{"line":35,"column":5}},{"start":{},"end":{}}],"line":33},"5":{"loc":{"start":{"line":55,"column":4},"end":{"line":59,"column":5}},"type":"if","locations":[{"start":{"line":55,"column":4},"end":{"line":59,"column":5}},{"start":{"line":57,"column":11},"end":{"line":59,"column":5}}],"line":55},"6":{"loc":{"start":{"line":57,"column":11},"end":{"line":59,"column":5}},"type":"if","locations":[{"start":{"line":57,"column":11},"end":{"line":59,"column":5}},{"start":{},"end":{}}],"line":57},"7":{"loc":{"start":{"line":61,"column":4},"end":{"line":65,"column":5}},"type":"if","locations":[{"start":{"line":61,"column":4},"end":{"line":65,"column":5}},{"start":{"line":63,"column":11},"end":{"line":65,"column":5}}],"line":61},"8":{"loc":{"start":{"line":63,"column":11},"end":{"line":65,"column":5}},"type":"if","locations":[{"start":{"line":63,"column":11},"end":{"line":65,"column":5}},{"start":{},"end":{}}],"line":63},"9":{"loc":{"start":{"line":66,"column":4},"end":{"line":68,"column":5}},"type":"if","locations":[{"start":{"line":66,"column":4},"end":{"line":68,"column":5}},{"start":{},"end":{}}],"line":66},"10":{"loc":{"start":{"line":70,"column":4},"end":{"line":70,"column":67}},"type":"if","locations":[{"start":{"line":70,"column":4},"end":{"line":70,"column":67}},{"start":{},"end":{}}],"line":70},"11":{"loc":{"start":{"line":80,"column":4},"end":{"line":80,"column":141}},"type":"if","locations":[{"start":{"line":80,"column":4},"end":{"line":80,"column":141}},{"start":{},"end":{}}],"line":80},"12":{"loc":{"start":{"line":80,"column":8},"end":{"line":80,"column":62}},"type":"binary-expr","locations":[{"start":{"line":80,"column":8},"end":{"line":80,"column":21}},{"start":{"line":80,"column":25},"end":{"line":80,"column":62}}],"line":80},"13":{"loc":{"start":{"line":81,"column":4},"end":{"line":126,"column":5}},"type":"if","locations":[{"start":{"line":81,"column":4},"end":{"line":126,"column":5}},{"start":{},"end":{}}],"line":81},"14":{"loc":{"start":{"line":81,"column":8},"end":{"line":81,"column":58}},"type":"binary-expr","locations":[{"start":{"line":81,"column":8},"end":{"line":81,"column":26}},{"start":{"line":81,"column":30},"end":{"line":81,"column":58}}],"line":81},"15":{"loc":{"start":{"line":83,"column":6},"end":{"line":85,"column":7}},"type":"if","locations":[{"start":{"line":83,"column":6},"end":{"line":85,"column":7}},{"start":{},"end":{}}],"line":83},"16":{"loc":{"start":{"line":88,"column":6},"end":{"line":95,"column":7}},"type":"if","locations":[{"start":{"line":88,"column":6},"end":{"line":95,"column":7}},{"start":{},"end":{}}],"line":88},"17":{"loc":{"start":{"line":89,"column":8},"end":{"line":91,"column":9}},"type":"if","locations":[{"start":{"line":89,"column":8},"end":{"line":91,"column":9}},{"start":{},"end":{}}],"line":89},"18":{"loc":{"start":{"line":93,"column":8},"end":{"line":93,"column":71}},"type":"if","locations":[{"start":{"line":93,"column":8},"end":{"line":93,"column":71}},{"start":{},"end":{}}],"line":93},"19":{"loc":{"start":{"line":97,"column":6},"end":{"line":99,"column":7}},"type":"if","locations":[{"start":{"line":97,"column":6},"end":{"line":99,"column":7}},{"start":{},"end":{}}],"line":97},"20":{"loc":{"start":{"line":101,"column":6},"end":{"line":112,"column":7}},"type":"if","locations":[{"start":{"line":101,"column":6},"end":{"line":112,"column":7}},{"start":{},"end":{}}],"line":101},"21":{"loc":{"start":{"line":101,"column":10},"end":{"line":101,"column":43}},"type":"binary-expr","locations":[{"start":{"line":101,"column":10},"end":{"line":101,"column":23}},{"start":{"line":101,"column":27},"end":{"line":101,"column":43}}],"line":101},"22":{"loc":{"start":{"line":104,"column":8},"end":{"line":106,"column":9}},"type":"if","locations":[{"start":{"line":104,"column":8},"end":{"line":106,"column":9}},{"start":{},"end":{}}],"line":104},"23":{"loc":{"start":{"line":107,"column":8},"end":{"line":109,"column":9}},"type":"if","locations":[{"start":{"line":107,"column":8},"end":{"line":109,"column":9}},{"start":{},"end":{}}],"line":107},"24":{"loc":{"start":{"line":114,"column":6},"end":{"line":116,"column":7}},"type":"if","locations":[{"start":{"line":114,"column":6},"end":{"line":116,"column":7}},{"start":{},"end":{}}],"line":114},"25":{"loc":{"start":{"line":118,"column":6},"end":{"line":120,"column":7}},"type":"if","locations":[{"start":{"line":118,"column":6},"end":{"line":120,"column":7}},{"start":{},"end":{}}],"line":118},"26":{"loc":{"start":{"line":132,"column":4},"end":{"line":132,"column":141}},"type":"if","locations":[{"start":{"line":132,"column":4},"end":{"line":132,"column":141}},{"start":{},"end":{}}],"line":132},"27":{"loc":{"start":{"line":132,"column":8},"end":{"line":132,"column":62}},"type":"binary-expr","locations":[{"start":{"line":132,"column":8},"end":{"line":132,"column":21}},{"start":{"line":132,"column":25},"end":{"line":132,"column":62}}],"line":132},"28":{"loc":{"start":{"line":136,"column":4},"end":{"line":138,"column":5}},"type":"if","locations":[{"start":{"line":136,"column":4},"end":{"line":138,"column":5}},{"start":{},"end":{}}],"line":136},"29":{"loc":{"start":{"line":141,"column":4},"end":{"line":143,"column":5}},"type":"if","locations":[{"start":{"line":141,"column":4},"end":{"line":143,"column":5}},{"start":{},"end":{}}],"line":141},"30":{"loc":{"start":{"line":146,"column":4},"end":{"line":148,"column":5}},"type":"if","locations":[{"start":{"line":146,"column":4},"end":{"line":148,"column":5}},{"start":{},"end":{}}],"line":146}},"s":{"0":14,"1":14,"2":14,"3":14,"4":14,"5":2,"6":2,"7":2,"8":2,"9":2,"10":2,"11":2,"12":14,"13":319,"14":14,"15":0,"16":0,"17":0,"18":0,"19":14,"20":22,"21":22,"22":29,"23":29,"24":26,"25":26,"26":14,"27":27,"28":1,"29":26,"30":1,"31":25,"32":1,"33":24,"34":1,"35":23,"36":1,"37":22,"38":22,"39":1,"40":21,"41":21,"42":21,"43":21,"44":14,"45":11,"46":11,"47":1,"48":10,"49":9,"50":9,"51":0,"52":9,"53":9,"54":3,"55":1,"56":2,"57":2,"58":1,"59":1,"60":7,"61":1,"62":6,"63":3,"64":3,"65":3,"66":1,"67":2,"68":1,"69":1,"70":1,"71":4,"72":1,"73":4,"74":4,"75":4,"76":4,"77":4,"78":1,"79":14,"80":2,"81":2,"82":1,"83":1,"84":1,"85":0,"86":1,"87":1,"88":0,"89":1,"90":1,"91":0,"92":1,"93":1,"94":14},"f":{"0":14,"1":2,"2":319,"3":0,"4":22,"5":29,"6":26,"7":27,"8":11,"9":2},"b":{"0":[0],"1":[2,1],"2":[0],"3":[0],"4":[0,0],"5":[1,26],"6":[1,25],"7":[1,24],"8":[1,23],"9":[1,22],"10":[1,21],"11":[1,10],"12":[11,1],"13":[9,1],"14":[10,10],"15":[0,9],"16":[3,6],"17":[1,2],"18":[1,1],"19":[1,6],"20":[3,3],"21":[6,3],"22":[1,2],"23":[1,1],"24":[1,3],"25":[4,0],"26":[1,1],"27":[2,1],"28":[0,1],"29":[0,1],"30":[0,1]},"_coverageSchema":"1a1c01bbd47fc00a2c39e90264f33305004495a9","hash":"94ee8fdd733cb790c0a6a8b97ed0d6ff6ba0c817"}
}
