TN:
SF:knexfile.js
FNF:0
FNH:0
DA:1,14
DA:2,14
DA:4,14
DA:8,14
LF:4
LH:4
BRF:0
BRH:0
end_of_record
TN:
SF:src\app.js
FN:25,(anonymous_0)
FN:30,(anonymous_1)
FNF:2
FNH:2
FNDA:1,(anonymous_0)
FNDA:187,(anonymous_1)
DA:1,14
DA:2,14
DA:3,14
DA:4,14
DA:5,14
DA:6,14
DA:8,14
DA:10,14
DA:12,14
DA:15,14
DA:17,14
DA:25,14
DA:26,1
DA:28,14
DA:30,14
DA:31,187
DA:32,187
DA:33,179
DA:34,155
DA:35,24
DA:38,14
LF:21
LH:21
BRDA:32,0,0,163
BRDA:32,0,1,24
BRDA:33,1,0,24
BRDA:33,1,1,155
BRF:4
BRH:4
end_of_record
TN:
SF:src\config.js
FNF:0
FNH:0
DA:1,14
DA:2,14
DA:4,14
DA:8,14
LF:4
LH:4
BRDA:10,0,0,14
BRDA:10,0,1,14
BRF:2
BRH:2
end_of_record
TN:
SF:src\config\middlewares.js
FN:3,(anonymous_0)
FNF:1
FNH:1
FNDA:14,(anonymous_0)
DA:1,14
DA:3,14
DA:4,14
LF:3
LH:3
BRF:0
BRH:0
end_of_record
TN:
SF:src\config\passport.js
FN:8,(anonymous_0)
FN:14,(anonymous_1)
FN:17,(anonymous_2)
FN:20,(anonymous_3)
FN:26,(anonymous_4)
FNF:5
FNH:4
FNDA:14,(anonymous_0)
FNDA:266,(anonymous_1)
FNDA:266,(anonymous_2)
FNDA:0,(anonymous_3)
FNDA:14,(anonymous_4)
DA:1,14
DA:2,14
DA:4,14
DA:6,14
DA:8,14
DA:9,14
DA:14,14
DA:15,266
DA:16,266
DA:18,266
DA:19,0
DA:20,0
DA:23,14
DA:25,14
DA:26,14
LF:15
LH:13
BRDA:15,0,0,266
BRDA:15,0,1,146
BRDA:18,1,0,266
BRDA:18,1,1,0
BRF:4
BRH:3
end_of_record
TN:
SF:src\config\router.js
FN:3,(anonymous_0)
FNF:1
FNH:1
FNDA:14,(anonymous_0)
DA:1,14
DA:3,14
DA:4,14
DA:6,14
DA:8,14
DA:9,14
DA:10,14
DA:11,14
DA:12,14
DA:13,14
DA:14,14
DA:15,14
DA:16,14
DA:17,14
DA:18,14
DA:20,14
LF:16
LH:16
BRF:0
BRH:0
end_of_record
TN:
SF:src\errors\forbiddenError.js
FN:1,forbiddenError
FNF:1
FNH:1
FNDA:24,forbiddenError
DA:1,14
DA:2,24
DA:3,24
LF:3
LH:3
BRF:0
BRH:0
end_of_record
TN:
SF:src\errors\validationError.js
FN:1,validationError
FNF:1
FNH:1
FNDA:163,validationError
DA:1,14
DA:2,163
DA:3,163
LF:3
LH:3
BRF:0
BRH:0
end_of_record
TN:
SF:src\routes\auths.js
FN:9,(anonymous_0)
FN:12,(anonymous_1)
FN:87,(anonymous_2)
FN:96,(anonymous_3)
FN:105,(anonymous_4)
FNF:5
FNH:5
FNDA:14,(anonymous_0)
FNDA:12,(anonymous_1)
FNDA:5,(anonymous_2)
FNDA:4,(anonymous_3)
FNDA:8,(anonymous_4)
DA:1,14
DA:2,14
DA:3,14
DA:4,14
DA:6,14
DA:7,14
DA:9,14
DA:10,14
DA:12,14
DA:13,12
DA:14,12
DA:15,11
DA:17,11
DA:18,1
DA:20,10
DA:21,1
DA:24,9
DA:25,8
DA:30,8
DA:31,8
DA:33,8
DA:34,8
DA:35,3
DA:49,5
DA:50,0
DA:64,8
DA:66,8
DA:68,8
DA:72,8
DA:73,0
DA:76,8
DA:78,1
DA:81,9
DA:83,12
DA:87,14
DA:88,5
DA:89,5
DA:90,1
DA:92,4
DA:96,14
DA:97,4
DA:98,4
DA:99,1
DA:101,3
DA:105,14
DA:106,8
DA:107,8
DA:108,2
DA:110,6
DA:114,14
LF:50
LH:48
BRDA:14,0,0,11
BRDA:14,0,1,1
BRDA:14,1,0,12
BRDA:14,1,1,11
BRDA:17,2,0,1
BRDA:17,2,1,10
BRDA:20,3,0,1
BRDA:20,3,1,9
BRDA:24,4,0,8
BRDA:24,4,1,1
BRDA:34,5,0,3
BRDA:34,5,1,5
BRDA:49,6,0,0
BRDA:49,6,1,5
BRDA:72,7,0,0
BRDA:72,7,1,8
BRF:16
BRH:14
end_of_record
TN:
SF:src\routes\clients.js
FN:3,(anonymous_0)
FN:5,(anonymous_1)
FN:16,(anonymous_2)
FN:25,(anonymous_3)
FN:34,(anonymous_4)
FNF:5
FNH:4
FNDA:14,(anonymous_0)
FNDA:2,(anonymous_1)
FNDA:0,(anonymous_2)
FNDA:10,(anonymous_3)
FNDA:2,(anonymous_4)
DA:1,14
DA:3,14
DA:4,14
DA:5,14
DA:6,2
DA:7,2
DA:8,2
DA:9,2
DA:10,2
DA:12,0
DA:16,14
DA:17,0
DA:18,0
DA:19,0
DA:21,0
DA:25,14
DA:26,10
DA:27,10
DA:28,8
DA:30,2
DA:34,14
DA:35,2
DA:36,2
DA:37,1
DA:39,1
DA:43,14
LF:26
LH:21
BRF:0
BRH:0
end_of_record
TN:
SF:src\routes\countys.js
FN:3,(anonymous_0)
FN:5,(anonymous_1)
FN:7,(anonymous_2)
FN:10,(anonymous_3)
FN:13,(anonymous_4)
FN:15,(anonymous_5)
FN:18,(anonymous_6)
FN:21,(anonymous_7)
FN:30,(anonymous_8)
FN:43,(anonymous_9)
FNF:10
FNH:8
FNDA:14,(anonymous_0)
FNDA:1,(anonymous_1)
FNDA:1,(anonymous_2)
FNDA:0,(anonymous_3)
FNDA:1,(anonymous_4)
FNDA:1,(anonymous_5)
FNDA:0,(anonymous_6)
FNDA:5,(anonymous_7)
FNDA:3,(anonymous_8)
FNDA:3,(anonymous_9)
DA:1,14
DA:3,14
DA:4,14
DA:5,14
DA:6,1
DA:8,1
DA:10,0
DA:13,14
DA:14,1
DA:16,1
DA:18,0
DA:21,14
DA:22,5
DA:23,5
DA:24,2
DA:26,3
DA:30,14
DA:31,3
DA:32,3
DA:37,1
DA:39,2
DA:43,14
DA:44,3
DA:45,3
DA:46,1
DA:48,2
DA:52,14
LF:27
LH:25
BRF:0
BRH:0
end_of_record
TN:
SF:src\routes\districts.js
FN:3,(anonymous_0)
FN:5,(anonymous_1)
FN:7,(anonymous_2)
FN:10,(anonymous_3)
FN:13,(anonymous_4)
FN:15,(anonymous_5)
FN:18,(anonymous_6)
FN:21,(anonymous_7)
FN:30,(anonymous_8)
FN:39,(anonymous_9)
FNF:10
FNH:8
FNDA:14,(anonymous_0)
FNDA:1,(anonymous_1)
FNDA:1,(anonymous_2)
FNDA:0,(anonymous_3)
FNDA:1,(anonymous_4)
FNDA:1,(anonymous_5)
FNDA:0,(anonymous_6)
FNDA:5,(anonymous_7)
FNDA:3,(anonymous_8)
FNDA:3,(anonymous_9)
DA:1,14
DA:3,14
DA:4,14
DA:5,14
DA:6,1
DA:8,1
DA:10,0
DA:13,14
DA:14,1
DA:16,1
DA:18,0
DA:21,14
DA:22,5
DA:23,5
DA:24,3
DA:26,2
DA:30,14
DA:31,3
DA:32,3
DA:33,1
DA:35,2
DA:39,14
DA:40,3
DA:41,3
DA:42,1
DA:44,2
DA:48,14
LF:27
LH:25
BRF:0
BRH:0
end_of_record
TN:
SF:src\routes\freelancerCountys.js
FN:3,(anonymous_0)
FN:5,(anonymous_1)
FN:8,(anonymous_2)
FN:18,(anonymous_3)
FN:28,(anonymous_4)
FN:41,(anonymous_5)
FN:51,(anonymous_6)
FNF:7
FNH:6
FNDA:14,(anonymous_0)
FNDA:5,(anonymous_1)
FNDA:5,(anonymous_2)
FNDA:0,(anonymous_3)
FNDA:28,(anonymous_4)
FNDA:9,(anonymous_5)
FNDA:3,(anonymous_6)
DA:1,14
DA:3,14
DA:4,14
DA:5,14
DA:6,5
DA:7,5
DA:9,5
DA:10,5
DA:11,5
DA:14,0
DA:18,14
DA:19,0
DA:20,0
DA:22,0
DA:24,0
DA:28,14
DA:29,28
DA:30,28
DA:35,7
DA:37,21
DA:41,14
DA:42,9
DA:43,9
DA:45,1
DA:47,8
DA:51,14
DA:52,3
DA:53,3
DA:54,1
DA:56,2
DA:60,14
LF:31
LH:26
BRF:0
BRH:0
end_of_record
TN:
SF:src\routes\freelancerServices.js
FN:3,(anonymous_0)
FN:5,(anonymous_1)
FN:8,(anonymous_2)
FN:18,(anonymous_3)
FN:28,(anonymous_4)
FN:38,(anonymous_5)
FN:48,(anonymous_6)
FNF:7
FNH:6
FNDA:14,(anonymous_0)
FNDA:4,(anonymous_1)
FNDA:4,(anonymous_2)
FNDA:0,(anonymous_3)
FNDA:8,(anonymous_4)
FNDA:6,(anonymous_5)
FNDA:2,(anonymous_6)
DA:1,14
DA:3,14
DA:4,14
DA:5,14
DA:6,4
DA:7,4
DA:9,4
DA:10,4
DA:11,4
DA:14,0
DA:18,14
DA:19,0
DA:20,0
DA:22,0
DA:24,0
DA:28,14
DA:29,8
DA:30,8
DA:32,4
DA:34,4
DA:38,14
DA:39,6
DA:40,6
DA:42,2
DA:44,4
DA:48,14
DA:49,2
DA:50,2
DA:51,1
DA:53,1
DA:57,14
LF:31
LH:26
BRF:0
BRH:0
end_of_record
TN:
SF:src\routes\freelancerWorkSchedules.js
FN:3,(anonymous_0)
FN:5,(anonymous_1)
FN:15,(anonymous_2)
FN:25,(anonymous_3)
FN:39,(anonymous_4)
FN:49,(anonymous_5)
FNF:6
FNH:5
FNDA:14,(anonymous_0)
FNDA:3,(anonymous_1)
FNDA:0,(anonymous_2)
FNDA:13,(anonymous_3)
FNDA:8,(anonymous_4)
FNDA:3,(anonymous_5)
DA:1,14
DA:3,14
DA:4,14
DA:5,14
DA:6,3
DA:7,3
DA:9,3
DA:11,0
DA:15,14
DA:16,0
DA:17,0
DA:19,0
DA:21,0
DA:25,14
DA:26,13
DA:27,13
DA:33,2
DA:35,11
DA:39,14
DA:40,8
DA:41,8
DA:43,1
DA:45,7
DA:49,14
DA:50,3
DA:51,3
DA:52,1
DA:54,2
DA:58,14
LF:29
LH:24
BRF:0
BRH:0
end_of_record
TN:
SF:src\routes\freelancers.js
FN:3,(anonymous_0)
FN:6,(anonymous_1)
FN:8,(anonymous_2)
FN:13,(anonymous_3)
FN:16,(anonymous_4)
FN:18,(anonymous_5)
FN:21,(anonymous_6)
FN:24,(anonymous_7)
FN:33,(anonymous_8)
FNF:9
FNH:6
FNDA:14,(anonymous_0)
FNDA:9,(anonymous_1)
FNDA:2,(anonymous_2)
FNDA:7,(anonymous_3)
FNDA:0,(anonymous_4)
FNDA:0,(anonymous_5)
FNDA:0,(anonymous_6)
FNDA:11,(anonymous_7)
FNDA:2,(anonymous_8)
DA:1,14
DA:3,14
DA:4,14
DA:6,14
DA:7,9
DA:9,2
DA:10,2
DA:11,2
DA:13,7
DA:16,14
DA:17,0
DA:19,0
DA:21,0
DA:24,14
DA:25,11
DA:26,11
DA:27,9
DA:29,2
DA:33,14
DA:34,2
DA:35,2
DA:36,1
DA:38,1
DA:42,14
LF:24
LH:21
BRF:0
BRH:0
end_of_record
TN:
SF:src\routes\mats.js
FN:3,(anonymous_0)
FN:5,(anonymous_1)
FN:14,(anonymous_2)
FN:23,(anonymous_3)
FNF:4
FNH:4
FNDA:14,(anonymous_0)
FNDA:1,(anonymous_1)
FNDA:1,(anonymous_2)
FNDA:1,(anonymous_3)
DA:1,14
DA:3,14
DA:4,14
DA:5,14
DA:6,1
DA:7,1
DA:8,1
DA:10,0
DA:14,14
DA:15,1
DA:16,1
DA:17,1
DA:19,0
DA:23,14
DA:24,1
DA:25,1
DA:26,1
DA:28,0
DA:32,14
LF:19
LH:16
BRF:0
BRH:0
end_of_record
TN:
SF:src\routes\schedulings.js
FN:3,(anonymous_0)
FN:5,(anonymous_1)
FN:8,(anonymous_2)
FN:18,(anonymous_3)
FN:27,(anonymous_4)
FN:36,(anonymous_5)
FN:46,(anonymous_6)
FNF:7
FNH:6
FNDA:14,(anonymous_0)
FNDA:4,(anonymous_1)
FNDA:4,(anonymous_2)
FNDA:0,(anonymous_3)
FNDA:45,(anonymous_4)
FNDA:24,(anonymous_5)
FNDA:4,(anonymous_6)
DA:1,14
DA:3,14
DA:4,14
DA:5,14
DA:6,4
DA:7,4
DA:9,4
DA:10,4
DA:11,4
DA:14,0
DA:18,14
DA:19,0
DA:20,0
DA:21,0
DA:23,0
DA:27,14
DA:28,45
DA:29,45
DA:30,6
DA:32,39
DA:36,14
DA:37,24
DA:38,24
DA:40,6
DA:42,18
DA:46,14
DA:47,4
DA:48,4
DA:49,1
DA:51,3
DA:55,14
LF:31
LH:26
BRF:0
BRH:0
end_of_record
TN:
SF:src\routes\serviceTypes.js
FN:3,(anonymous_0)
FN:5,(anonymous_1)
FN:14,(anonymous_2)
FN:16,(anonymous_3)
FN:19,(anonymous_4)
FN:22,(anonymous_5)
FN:31,(anonymous_6)
FN:44,(anonymous_7)
FNF:8
FNH:5
FNDA:14,(anonymous_0)
FNDA:2,(anonymous_1)
FNDA:0,(anonymous_2)
FNDA:0,(anonymous_3)
FNDA:0,(anonymous_4)
FNDA:5,(anonymous_5)
FNDA:4,(anonymous_6)
FNDA:3,(anonymous_7)
DA:1,14
DA:3,14
DA:4,14
DA:5,14
DA:6,2
DA:7,2
DA:8,2
DA:10,0
DA:14,14
DA:15,0
DA:17,0
DA:19,0
DA:22,14
DA:23,5
DA:24,5
DA:25,2
DA:27,3
DA:31,14
DA:32,4
DA:33,4
DA:38,1
DA:40,3
DA:44,14
DA:45,3
DA:46,3
DA:47,1
DA:49,2
DA:53,14
LF:28
LH:24
BRF:0
BRH:0
end_of_record
TN:
SF:src\routes\users.js
FN:3,(anonymous_0)
FN:6,(anonymous_1)
FN:8,(anonymous_2)
FN:13,(anonymous_3)
FN:16,(anonymous_4)
FN:18,(anonymous_5)
FN:21,(anonymous_6)
FN:24,(anonymous_7)
FN:33,(anonymous_8)
FN:35,(anonymous_9)
FN:38,(anonymous_10)
FN:42,(anonymous_11)
FNF:12
FNH:7
FNDA:14,(anonymous_0)
FNDA:2,(anonymous_1)
FNDA:2,(anonymous_2)
FNDA:0,(anonymous_3)
FNDA:1,(anonymous_4)
FNDA:1,(anonymous_5)
FNDA:0,(anonymous_6)
FNDA:11,(anonymous_7)
FNDA:0,(anonymous_8)
FNDA:0,(anonymous_9)
FNDA:0,(anonymous_10)
FNDA:2,(anonymous_11)
DA:1,14
DA:3,14
DA:4,14
DA:6,14
DA:7,2
DA:9,2
DA:10,2
DA:11,2
DA:13,0
DA:16,14
DA:17,1
DA:19,1
DA:21,0
DA:24,14
DA:25,11
DA:26,11
DA:27,4
DA:29,7
DA:33,14
DA:34,0
DA:36,0
DA:38,0
DA:42,14
DA:43,2
DA:44,2
DA:45,1
DA:47,1
DA:51,14
LF:28
LH:23
BRF:0
BRH:0
end_of_record
TN:
SF:src\services\client.js
FN:4,(anonymous_0)
FN:5,(anonymous_1)
FN:30,(anonymous_2)
FN:34,(anonymous_3)
FN:45,(anonymous_4)
FN:74,(anonymous_5)
FN:78,(anonymous_6)
FN:107,(anonymous_7)
FNF:8
FNH:7
FNDA:14,(anonymous_0)
FNDA:2,(anonymous_1)
FNDA:49,(anonymous_2)
FNDA:0,(anonymous_3)
FNDA:6,(anonymous_4)
FNDA:10,(anonymous_5)
FNDA:16,(anonymous_6)
FNDA:2,(anonymous_7)
DA:1,14
DA:2,14
DA:4,14
DA:5,14
DA:6,2
DA:7,2
DA:8,2
DA:10,2
DA:24,2
DA:25,2
DA:27,2
DA:30,14
DA:31,49
DA:34,14
DA:35,0
DA:36,0
DA:45,14
DA:46,6
DA:47,6
DA:48,5
DA:49,4
DA:51,3
DA:59,3
DA:60,3
DA:62,3
DA:68,3
DA:71,0
DA:74,14
DA:75,10
DA:76,10
DA:78,16
DA:80,9
DA:81,8
DA:82,8
DA:83,8
DA:84,8
DA:85,8
DA:86,8
DA:87,8
DA:88,8
DA:90,8
DA:101,8
DA:102,8
DA:104,1
DA:107,14
DA:108,2
DA:109,2
DA:111,1
DA:112,1
DA:113,0
DA:116,1
DA:117,1
DA:118,0
DA:121,1
DA:122,1
DA:123,1
DA:125,1
DA:126,1
DA:132,1
DA:135,14
LF:60
LH:55
BRDA:5,0,0,0
BRDA:6,1,0,2
BRDA:6,1,1,1
BRDA:30,2,0,0
BRDA:46,3,0,6
BRDA:46,3,1,0
BRDA:47,4,0,1
BRDA:47,4,1,5
BRDA:48,5,0,1
BRDA:48,5,1,4
BRDA:49,6,0,1
BRDA:49,6,1,3
BRDA:59,7,0,0
BRDA:59,7,1,3
BRDA:76,8,0,1
BRDA:76,8,1,9
BRDA:78,9,0,16
BRDA:78,9,1,15
BRDA:80,10,0,8
BRDA:80,10,1,1
BRDA:91,11,0,8
BRDA:91,11,1,1
BRDA:92,12,0,8
BRDA:92,12,1,1
BRDA:93,13,0,8
BRDA:93,13,1,1
BRDA:94,14,0,8
BRDA:94,14,1,1
BRDA:95,15,0,8
BRDA:95,15,1,1
BRDA:96,16,0,8
BRDA:96,16,1,1
BRDA:97,17,0,8
BRDA:97,17,1,1
BRDA:98,18,0,8
BRDA:98,18,1,1
BRDA:109,19,0,1
BRDA:109,19,1,1
BRDA:112,20,0,0
BRDA:112,20,1,1
BRDA:117,21,0,0
BRDA:117,21,1,1
BRDA:122,22,0,1
BRDA:122,22,1,0
BRDA:125,23,0,1
BRDA:125,23,1,0
BRF:46
BRH:38
end_of_record
TN:
SF:src\services\county.js
FN:4,(anonymous_0)
FN:5,(anonymous_1)
FN:19,(anonymous_2)
FN:23,(anonymous_3)
FN:54,(anonymous_4)
FN:83,(anonymous_5)
FNF:6
FNH:6
FNDA:14,(anonymous_0)
FNDA:1,(anonymous_1)
FNDA:66,(anonymous_2)
FNDA:5,(anonymous_3)
FNDA:3,(anonymous_4)
FNDA:3,(anonymous_5)
DA:1,14
DA:2,14
DA:4,14
DA:5,14
DA:6,1
DA:16,1
DA:19,14
DA:20,66
DA:23,14
DA:24,5
DA:25,4
DA:26,4
DA:28,3
DA:29,1
DA:33,2
DA:35,2
DA:39,2
DA:41,2
DA:48,2
DA:51,1
DA:54,14
DA:55,3
DA:56,3
DA:58,2
DA:59,2
DA:60,1
DA:62,1
DA:63,1
DA:65,1
DA:69,1
DA:71,1
DA:79,1
DA:80,1
DA:83,14
DA:84,3
DA:85,3
DA:87,2
DA:88,2
DA:89,1
DA:92,1
DA:94,1
DA:97,14
LF:42
LH:42
BRDA:5,0,0,0
BRDA:19,1,0,0
BRDA:24,2,0,4
BRDA:24,2,1,1
BRDA:24,3,0,5
BRDA:24,3,1,5
BRDA:26,4,0,1
BRDA:26,4,1,3
BRDA:28,5,0,1
BRDA:28,5,1,2
BRDA:33,6,0,0
BRDA:33,6,1,2
BRDA:39,7,0,0
BRDA:39,7,1,2
BRDA:56,8,0,1
BRDA:56,8,1,2
BRDA:59,9,0,1
BRDA:59,9,1,1
BRDA:69,10,0,0
BRDA:69,10,1,1
BRDA:75,11,0,1
BRDA:75,11,1,1
BRDA:76,12,0,1
BRDA:76,12,1,1
BRDA:85,13,0,1
BRDA:85,13,1,2
BRDA:88,14,0,1
BRDA:88,14,1,1
BRF:28
BRH:23
end_of_record
TN:
SF:src\services\district.js
FN:4,(anonymous_0)
FN:5,(anonymous_1)
FN:13,(anonymous_2)
FN:17,(anonymous_3)
FN:33,(anonymous_4)
FN:54,(anonymous_5)
FNF:6
FNH:6
FNDA:14,(anonymous_0)
FNDA:1,(anonymous_1)
FNDA:62,(anonymous_2)
FNDA:5,(anonymous_3)
FNDA:3,(anonymous_4)
FNDA:3,(anonymous_5)
DA:1,14
DA:2,14
DA:4,14
DA:5,14
DA:6,1
DA:10,1
DA:13,14
DA:14,62
DA:17,14
DA:18,5
DA:19,5
DA:21,4
DA:22,3
DA:28,3
DA:30,1
DA:33,14
DA:34,3
DA:35,3
DA:37,2
DA:38,2
DA:39,1
DA:41,1
DA:43,1
DA:50,1
DA:51,1
DA:54,14
DA:55,3
DA:56,3
DA:58,2
DA:59,2
DA:60,1
DA:63,1
DA:65,1
DA:67,1
DA:70,14
LF:35
LH:35
BRDA:5,0,0,0
BRDA:13,1,0,0
BRDA:19,2,0,1
BRDA:19,2,1,4
BRDA:21,3,0,3
BRDA:21,3,1,1
BRDA:21,4,0,4
BRDA:21,4,1,4
BRDA:35,5,0,1
BRDA:35,5,1,2
BRDA:38,6,0,1
BRDA:38,6,1,1
BRDA:47,7,0,1
BRDA:47,7,1,1
BRDA:56,8,0,1
BRDA:56,8,1,2
BRDA:59,9,0,1
BRDA:59,9,1,1
BRF:18
BRH:16
end_of_record
TN:
SF:src\services\freelancer.js
FN:4,(anonymous_0)
FN:5,(anonymous_1)
FN:50,(anonymous_2)
FN:78,(anonymous_3)
FN:92,(anonymous_4)
FN:94,(anonymous_5)
FN:116,(anonymous_6)
FN:121,(anonymous_7)
FN:123,(anonymous_8)
FN:129,(anonymous_9)
FN:172,(anonymous_10)
FN:180,(anonymous_11)
FN:184,(anonymous_12)
FN:195,(anonymous_13)
FN:224,(anonymous_14)
FN:228,(anonymous_15)
FN:259,(anonymous_16)
FNF:17
FNH:16
FNDA:14,(anonymous_0)
FNDA:9,(anonymous_1)
FNDA:2,(anonymous_2)
FNDA:122,(anonymous_3)
FNDA:122,(anonymous_4)
FNDA:20618,(anonymous_5)
FNDA:122,(anonymous_6)
FNDA:122,(anonymous_7)
FNDA:20618,(anonymous_8)
FNDA:20618,(anonymous_9)
FNDA:122,(anonymous_10)
FNDA:81,(anonymous_11)
FNDA:0,(anonymous_12)
FNDA:12,(anonymous_13)
FNDA:11,(anonymous_14)
FNDA:18,(anonymous_15)
FNDA:2,(anonymous_16)
DA:1,14
DA:2,14
DA:4,14
DA:5,14
DA:6,9
DA:7,9
DA:8,9
DA:9,9
DA:15,9
DA:17,9
DA:18,1
DA:20,8
DA:21,1
DA:23,7
DA:24,1
DA:30,6
DA:31,1
DA:33,5
DA:34,1
DA:36,4
DA:37,0
DA:39,4
DA:40,1
DA:42,3
DA:43,1
DA:46,2
DA:51,2
DA:52,2
DA:53,2
DA:54,2
DA:57,2
DA:77,2
DA:78,122
DA:92,2
DA:94,122
DA:95,20618
DA:96,338
DA:97,338
DA:98,338
DA:99,338
DA:100,338
DA:102,338
DA:107,20280
DA:111,122
DA:115,2
DA:116,122
DA:119,2
DA:121,2
DA:122,122
DA:123,20618
DA:126,122
DA:128,122
DA:129,20618
DA:132,122
DA:134,122
DA:135,72
DA:136,72
DA:138,72
DA:140,72
DA:141,70
DA:142,70
DA:146,70
DA:147,0
DA:152,122
DA:153,68
DA:154,68
DA:156,68
DA:158,68
DA:159,68
DA:160,68
DA:161,68
DA:162,0
DA:169,2
DA:172,122
DA:174,2
DA:175,2
DA:177,2
DA:180,14
DA:181,81
DA:184,14
DA:185,0
DA:186,0
DA:195,14
DA:196,12
DA:197,11
DA:198,10
DA:199,9
DA:201,8
DA:209,8
DA:210,8
DA:212,8
DA:218,8
DA:221,1
DA:224,14
DA:225,11
DA:226,11
DA:228,18
DA:230,10
DA:231,9
DA:232,9
DA:233,9
DA:234,9
DA:235,9
DA:236,9
DA:237,9
DA:238,9
DA:239,9
DA:241,9
DA:253,9
DA:254,9
DA:256,1
DA:259,14
DA:260,2
DA:261,2
DA:263,1
DA:265,1
DA:267,1
DA:268,1
DA:269,1
DA:271,1
DA:272,1
DA:277,1
DA:280,14
LF:123
LH:118
BRDA:5,0,0,0
BRDA:6,1,0,9
BRDA:6,1,1,8
BRDA:17,2,0,1
BRDA:17,2,1,8
BRDA:20,3,0,1
BRDA:20,3,1,7
BRDA:23,4,0,1
BRDA:23,4,1,6
BRDA:30,5,0,1
BRDA:30,5,1,5
BRDA:33,6,0,1
BRDA:33,6,1,4
BRDA:36,7,0,0
BRDA:36,7,1,4
BRDA:39,8,0,1
BRDA:39,8,1,3
BRDA:42,9,0,1
BRDA:42,9,1,2
BRDA:51,10,0,2
BRDA:51,10,1,0
BRDA:52,11,0,2
BRDA:52,11,1,0
BRDA:53,12,0,2
BRDA:53,12,1,0
BRDA:53,13,0,2
BRDA:53,13,1,2
BRDA:57,14,0,2
BRDA:57,14,1,0
BRDA:95,15,0,338
BRDA:95,15,1,20280
BRDA:103,16,0,338
BRDA:103,16,1,266
BRDA:103,16,2,338
BRDA:103,16,3,72
BRDA:123,17,0,20618
BRDA:123,17,1,4392
BRDA:129,18,0,20618
BRDA:129,18,1,16226
BRDA:134,19,0,72
BRDA:134,19,1,50
BRDA:140,20,0,70
BRDA:140,20,1,2
BRDA:146,21,0,0
BRDA:146,21,1,70
BRDA:152,22,0,68
BRDA:152,22,1,54
BRDA:158,23,0,68
BRDA:158,23,1,0
BRDA:161,24,0,0
BRDA:161,24,1,68
BRDA:180,25,0,0
BRDA:196,26,0,11
BRDA:196,26,1,1
BRDA:196,27,0,12
BRDA:196,27,1,12
BRDA:197,28,0,1
BRDA:197,28,1,10
BRDA:198,29,0,1
BRDA:198,29,1,9
BRDA:199,30,0,1
BRDA:199,30,1,8
BRDA:209,31,0,0
BRDA:209,31,1,8
BRDA:226,32,0,1
BRDA:226,32,1,10
BRDA:228,33,0,18
BRDA:228,33,1,17
BRDA:230,34,0,9
BRDA:230,34,1,1
BRDA:242,35,0,9
BRDA:242,35,1,1
BRDA:243,36,0,9
BRDA:243,36,1,1
BRDA:244,37,0,9
BRDA:244,37,1,1
BRDA:245,38,0,9
BRDA:245,38,1,1
BRDA:246,39,0,9
BRDA:246,39,1,1
BRDA:247,40,0,9
BRDA:247,40,1,1
BRDA:248,41,0,9
BRDA:248,41,1,1
BRDA:249,42,0,9
BRDA:249,42,1,1
BRDA:250,43,0,9
BRDA:250,43,1,1
BRDA:261,44,0,1
BRDA:261,44,1,1
BRDA:268,45,0,1
BRDA:268,45,1,0
BRDA:271,46,0,1
BRDA:271,46,1,0
BRF:94
BRH:81
end_of_record
TN:
SF:src\services\freelancerCounty.js
FN:4,(anonymous_0)
FN:5,(anonymous_1)
FN:9,(anonymous_2)
FN:57,(anonymous_3)
FN:90,(anonymous_4)
FN:162,(anonymous_5)
FNF:6
FNH:6
FNDA:14,(anonymous_0)
FNDA:40,(anonymous_1)
FNDA:30,(anonymous_2)
FNDA:5,(anonymous_3)
FNDA:9,(anonymous_4)
FNDA:3,(anonymous_5)
DA:1,14
DA:2,14
DA:4,14
DA:5,14
DA:6,40
DA:9,14
DA:10,30
DA:11,30
DA:13,30
DA:14,30
DA:15,29
DA:16,28
DA:18,27
DA:22,27
DA:24,26
DA:28,26
DA:30,25
DA:32,23
DA:36,23
DA:38,22
DA:45,22
DA:47,9
DA:52,9
DA:54,0
DA:57,14
DA:58,5
DA:59,5
DA:60,5
DA:61,5
DA:62,5
DA:64,5
DA:65,2
DA:67,5
DA:68,1
DA:70,5
DA:71,2
DA:73,5
DA:87,5
DA:90,14
DA:95,9
DA:96,9
DA:98,9
DA:99,8
DA:100,7
DA:101,6
DA:102,5
DA:103,5
DA:105,5
DA:110,5
DA:111,1
DA:114,4
DA:121,4
DA:123,3
DA:124,3
DA:126,3
DA:127,3
DA:132,3
DA:133,1
DA:136,2
DA:143,2
DA:145,1
DA:152,1
DA:156,1
DA:159,1
DA:162,14
DA:163,3
DA:164,3
DA:166,2
DA:167,2
DA:168,2
DA:169,0
DA:171,2
DA:175,2
DA:176,1
DA:178,1
DA:184,0
DA:187,14
LF:77
LH:74
BRDA:5,0,0,0
BRDA:11,1,0,0
BRDA:11,1,1,30
BRDA:13,2,0,30
BRDA:13,2,1,0
BRDA:13,3,0,30
BRDA:13,3,1,30
BRDA:14,4,0,1
BRDA:14,4,1,29
BRDA:15,5,0,1
BRDA:15,5,1,28
BRDA:16,6,0,1
BRDA:16,6,1,27
BRDA:22,7,0,1
BRDA:22,7,1,26
BRDA:22,8,0,27
BRDA:22,8,1,26
BRDA:28,9,0,1
BRDA:28,9,1,25
BRDA:28,10,0,26
BRDA:28,10,1,25
BRDA:30,11,0,2
BRDA:30,11,1,23
BRDA:36,12,0,1
BRDA:36,12,1,22
BRDA:36,13,0,23
BRDA:36,13,1,22
BRDA:45,14,0,13
BRDA:45,14,1,9
BRDA:57,15,0,0
BRDA:59,16,0,5
BRDA:59,16,1,4
BRDA:64,17,0,2
BRDA:64,17,1,3
BRDA:67,18,0,1
BRDA:67,18,1,4
BRDA:70,19,0,2
BRDA:70,19,1,3
BRDA:96,20,0,0
BRDA:96,20,1,9
BRDA:98,21,0,8
BRDA:98,21,1,1
BRDA:98,22,0,9
BRDA:98,22,1,9
BRDA:99,23,0,1
BRDA:99,23,1,7
BRDA:100,24,0,1
BRDA:100,24,1,6
BRDA:101,25,0,1
BRDA:101,25,1,5
BRDA:110,26,0,1
BRDA:110,26,1,4
BRDA:121,27,0,1
BRDA:121,27,1,3
BRDA:126,28,0,3
BRDA:126,28,1,0
BRDA:126,29,0,3
BRDA:126,29,1,3
BRDA:132,30,0,1
BRDA:132,30,1,2
BRDA:132,31,0,3
BRDA:132,31,1,2
BRDA:143,32,0,1
BRDA:143,32,1,1
BRDA:149,33,0,1
BRDA:149,33,1,1
BRDA:150,34,0,1
BRDA:150,34,1,1
BRDA:164,35,0,1
BRDA:164,35,1,2
BRDA:166,36,0,2
BRDA:166,36,1,0
BRDA:166,37,0,2
BRDA:166,37,1,2
BRDA:168,38,0,0
BRDA:168,38,1,2
BRDA:175,39,0,1
BRDA:175,39,1,1
BRF:78
BRH:70
end_of_record
TN:
SF:src\services\freelancerService.js
FN:4,(anonymous_0)
FN:5,(anonymous_1)
FN:9,(anonymous_2)
FN:44,(anonymous_3)
FN:77,(anonymous_4)
FN:141,(anonymous_5)
FNF:6
FNH:6
FNDA:14,(anonymous_0)
FNDA:24,(anonymous_1)
FNDA:11,(anonymous_2)
FNDA:4,(anonymous_3)
FNDA:6,(anonymous_4)
FNDA:2,(anonymous_5)
DA:1,14
DA:2,14
DA:4,14
DA:5,14
DA:6,24
DA:9,14
DA:10,11
DA:11,11
DA:13,10
DA:14,10
DA:15,9
DA:17,8
DA:21,8
DA:22,1
DA:25,7
DA:30,7
DA:31,0
DA:34,7
DA:39,7
DA:41,0
DA:44,14
DA:45,4
DA:46,4
DA:47,4
DA:48,4
DA:49,4
DA:51,4
DA:52,1
DA:54,4
DA:55,0
DA:57,4
DA:58,1
DA:61,4
DA:75,4
DA:77,14
DA:78,6
DA:79,6
DA:80,5
DA:81,4
DA:82,4
DA:84,4
DA:85,4
DA:87,4
DA:88,3
DA:92,3
DA:93,1
DA:96,2
DA:101,2
DA:102,1
DA:106,2
DA:111,2
DA:112,0
DA:115,2
DA:123,2
DA:124,1
DA:128,1
DA:130,1
DA:131,1
DA:135,1
DA:138,1
DA:141,14
DA:142,2
DA:143,2
DA:145,1
DA:146,1
DA:147,1
DA:148,0
DA:150,1
DA:154,1
DA:155,0
DA:157,1
DA:163,0
DA:166,14
LF:73
LH:66
BRDA:5,0,0,0
BRDA:11,1,0,1
BRDA:11,1,1,10
BRDA:13,2,0,10
BRDA:13,2,1,0
BRDA:13,3,0,10
BRDA:13,3,1,10
BRDA:14,4,0,1
BRDA:14,4,1,9
BRDA:15,5,0,1
BRDA:15,5,1,8
BRDA:21,6,0,1
BRDA:21,6,1,7
BRDA:21,7,0,8
BRDA:21,7,1,8
BRDA:30,8,0,0
BRDA:30,8,1,7
BRDA:44,9,0,0
BRDA:46,10,0,4
BRDA:46,10,1,1
BRDA:51,11,0,1
BRDA:51,11,1,3
BRDA:54,12,0,0
BRDA:54,12,1,4
BRDA:57,13,0,1
BRDA:57,13,1,3
BRDA:79,14,0,1
BRDA:79,14,1,5
BRDA:80,15,0,4
BRDA:80,15,1,1
BRDA:80,16,0,5
BRDA:80,16,1,5
BRDA:87,17,0,3
BRDA:87,17,1,1
BRDA:92,18,0,1
BRDA:92,18,1,2
BRDA:92,19,0,3
BRDA:92,19,1,3
BRDA:101,20,0,1
BRDA:101,20,1,1
BRDA:111,21,0,0
BRDA:111,21,1,2
BRDA:119,22,0,2
BRDA:119,22,1,1
BRDA:120,23,0,2
BRDA:120,23,1,1
BRDA:123,24,0,1
BRDA:123,24,1,1
BRDA:130,25,0,1
BRDA:130,25,1,0
BRDA:143,26,0,1
BRDA:143,26,1,1
BRDA:145,27,0,1
BRDA:145,27,1,0
BRDA:145,28,0,1
BRDA:145,28,1,1
BRDA:147,29,0,0
BRDA:147,29,1,1
BRDA:154,30,0,0
BRDA:154,30,1,1
BRF:60
BRH:50
end_of_record
TN:
SF:src\services\freelancerWorkSchedule.js
FN:4,(anonymous_0)
FN:5,(anonymous_1)
FN:9,(anonymous_2)
FN:38,(anonymous_3)
FN:63,(anonymous_4)
FN:89,(anonymous_5)
FN:119,(anonymous_6)
FN:154,(anonymous_7)
FNF:8
FNH:8
FNDA:14,(anonymous_0)
FNDA:6,(anonymous_1)
FNDA:21,(anonymous_2)
FNDA:15,(anonymous_3)
FNDA:7,(anonymous_4)
FNDA:8,(anonymous_5)
FNDA:1,(anonymous_6)
FNDA:3,(anonymous_7)
DA:1,14
DA:2,14
DA:4,14
DA:5,14
DA:6,6
DA:9,14
DA:12,21
DA:13,21
DA:15,21
DA:16,0
DA:19,21
DA:20,0
DA:21,0
DA:24,21
DA:35,21
DA:38,14
DA:39,15
DA:40,15
DA:41,15
DA:42,14
DA:43,14
DA:44,13
DA:45,12
DA:46,11
DA:47,10
DA:48,1
DA:50,9
DA:52,9
DA:53,1
DA:56,8
DA:63,8
DA:64,7
DA:65,7
DA:66,7
DA:73,8
DA:74,4
DA:77,4
DA:84,4
DA:86,0
DA:89,14
DA:94,8
DA:95,8
DA:97,7
DA:98,7
DA:99,6
DA:100,5
DA:101,4
DA:102,1
DA:105,3
DA:110,3
DA:112,2
DA:119,2
DA:120,1
DA:121,1
DA:122,1
DA:129,2
DA:130,1
DA:133,1
DA:134,1
DA:135,1
DA:137,1
DA:145,1
DA:149,1
DA:151,0
DA:154,14
DA:155,3
DA:156,3
DA:158,2
DA:159,2
DA:164,2
DA:165,1
DA:168,1
DA:174,0
DA:177,14
LF:74
LH:68
BRDA:5,0,0,0
BRDA:9,1,0,0
BRDA:15,2,0,0
BRDA:15,2,1,21
BRDA:19,3,0,0
BRDA:19,3,1,21
BRDA:19,4,0,21
BRDA:19,4,1,0
BRDA:41,5,0,1
BRDA:41,5,1,14
BRDA:42,6,0,14
BRDA:42,6,1,0
BRDA:43,7,0,1
BRDA:43,7,1,13
BRDA:44,8,0,1
BRDA:44,8,1,12
BRDA:45,9,0,1
BRDA:45,9,1,11
BRDA:46,10,0,1
BRDA:46,10,1,10
BRDA:47,11,0,1
BRDA:47,11,1,9
BRDA:52,12,0,1
BRDA:52,12,1,8
BRDA:67,13,0,7
BRDA:67,13,1,7
BRDA:67,13,2,7
BRDA:73,14,0,4
BRDA:73,14,1,4
BRDA:95,15,0,1
BRDA:95,15,1,7
BRDA:97,16,0,7
BRDA:97,16,1,0
BRDA:97,17,0,7
BRDA:97,17,1,7
BRDA:98,18,0,1
BRDA:98,18,1,6
BRDA:99,19,0,1
BRDA:99,19,1,5
BRDA:100,20,0,1
BRDA:100,20,1,4
BRDA:101,21,0,1
BRDA:101,21,1,3
BRDA:110,22,0,1
BRDA:110,22,1,2
BRDA:123,23,0,1
BRDA:123,23,1,1
BRDA:123,23,2,1
BRDA:129,24,0,1
BRDA:129,24,1,1
BRDA:140,25,0,1
BRDA:140,25,1,1
BRDA:141,26,0,1
BRDA:141,26,1,1
BRDA:142,27,0,1
BRDA:142,27,1,1
BRDA:156,28,0,1
BRDA:156,28,1,2
BRDA:158,29,0,2
BRDA:158,29,1,0
BRDA:158,30,0,2
BRDA:158,30,1,2
BRDA:164,31,0,1
BRDA:164,31,1,1
BRF:64
BRH:56
end_of_record
TN:
SF:src\services\mat.js
FN:4,(anonymous_0)
FN:5,(anonymous_1)
FN:18,(anonymous_2)
FN:19,(anonymous_3)
FN:34,(anonymous_4)
FN:50,(anonymous_5)
FN:62,(anonymous_6)
FN:68,(anonymous_7)
FN:69,(anonymous_8)
FN:84,(anonymous_9)
FN:100,(anonymous_10)
FN:112,(anonymous_11)
FN:114,(anonymous_12)
FN:115,(anonymous_13)
FN:124,(anonymous_14)
FN:125,(anonymous_15)
FNF:16
FNH:16
FNDA:14,(anonymous_0)
FNDA:1,(anonymous_1)
FNDA:7,(anonymous_2)
FNDA:7,(anonymous_3)
FNDA:1,(anonymous_4)
FNDA:32,(anonymous_5)
FNDA:7,(anonymous_6)
FNDA:7,(anonymous_7)
FNDA:7,(anonymous_8)
FNDA:1,(anonymous_9)
FNDA:32,(anonymous_10)
FNDA:7,(anonymous_11)
FNDA:32,(anonymous_12)
FNDA:59,(anonymous_13)
FNDA:7,(anonymous_14)
FNDA:7,(anonymous_15)
DA:4,14
DA:5,14
DA:6,1
DA:18,7
DA:19,7
DA:21,1
DA:31,1
DA:34,14
DA:35,1
DA:50,1
DA:51,32
DA:52,32
DA:53,32
DA:54,7
DA:56,32
DA:57,32
DA:61,1
DA:63,7
DA:64,7
DA:68,7
DA:69,7
DA:71,1
DA:81,1
DA:84,14
DA:85,1
DA:100,1
DA:101,32
DA:102,32
DA:103,32
DA:104,7
DA:106,32
DA:107,32
DA:111,1
DA:113,7
DA:114,32
DA:115,59
DA:116,7
DA:117,7
DA:120,7
DA:124,7
DA:125,7
DA:127,1
DA:137,1
DA:140,14
LF:44
LH:44
BRDA:53,0,0,7
BRDA:53,0,1,25
BRDA:103,1,0,7
BRDA:103,1,1,25
BRDA:117,2,0,6
BRDA:117,2,1,1
BRF:6
BRH:6
end_of_record
TN:
SF:src\services\scheduling.js
FN:4,(anonymous_0)
FN:5,(anonymous_1)
FN:9,(anonymous_2)
FN:16,joinCondition
FN:41,(anonymous_4)
FN:60,(anonymous_5)
FN:94,(anonymous_6)
FN:104,(anonymous_7)
FN:120,(anonymous_8)
FN:130,joinCondition
FN:157,(anonymous_10)
FN:175,(anonymous_11)
FN:198,(anonymous_12)
FN:216,(anonymous_13)
FN:322,(anonymous_14)
FN:346,(anonymous_15)
FN:358,(anonymous_16)
FN:364,(anonymous_17)
FN:374,(anonymous_18)
FN:389,(anonymous_19)
FN:433,(anonymous_20)
FN:565,(anonymous_21)
FNF:22
FNH:20
FNDA:14,(anonymous_0)
FNDA:26,(anonymous_1)
FNDA:0,(anonymous_2)
FNDA:0,joinCondition
FNDA:8,(anonymous_4)
FNDA:64,(anonymous_5)
FNDA:4,(anonymous_6)
FNDA:4,(anonymous_7)
FNDA:4,(anonymous_8)
FNDA:4,joinCondition
FNDA:149,(anonymous_10)
FNDA:147,(anonymous_11)
FNDA:45,(anonymous_12)
FNDA:429,(anonymous_13)
FNDA:12,(anonymous_14)
FNDA:27,(anonymous_15)
FNDA:27,(anonymous_16)
FNDA:27,(anonymous_17)
FNDA:7,(anonymous_18)
FNDA:2,(anonymous_19)
FNDA:24,(anonymous_20)
FNDA:4,(anonymous_21)
DA:1,14
DA:2,14
DA:4,14
DA:5,14
DA:6,26
DA:9,14
DA:10,0
DA:17,0
DA:38,0
DA:41,14
DA:42,8
DA:43,8
DA:44,8
DA:45,8
DA:47,8
DA:58,8
DA:60,8
DA:61,64
DA:62,8
DA:66,8
DA:91,8
DA:94,14
DA:95,4
DA:96,4
DA:97,4
DA:101,4
DA:103,4
DA:105,4
DA:106,4
DA:107,4
DA:117,4
DA:119,4
DA:121,4
DA:122,4
DA:123,4
DA:131,4
DA:152,4
DA:155,14
DA:157,14
DA:158,149
DA:160,149
DA:161,149
DA:162,149
DA:164,149
DA:165,147
DA:167,147
DA:169,2
DA:171,0
DA:175,14
DA:176,147
DA:179,147
DA:180,147
DA:182,147
DA:184,147
DA:186,147
DA:187,147
DA:189,147
DA:190,147
DA:191,147
DA:193,147
DA:195,147
DA:198,14
DA:199,45
DA:200,44
DA:214,44
DA:216,44
DA:217,429
DA:218,11
DA:219,11
DA:223,33
DA:225,33
DA:226,1
DA:229,32
DA:230,32
DA:231,32
DA:233,31
DA:236,31
DA:238,31
DA:241,31
DA:243,30
DA:246,30
DA:248,29
DA:251,29
DA:253,28
DA:256,28
DA:258,27
DA:259,10
DA:266,5
DA:270,22
DA:271,8
DA:279,6
DA:283,16
DA:284,8
DA:292,6
DA:296,10
DA:302,10
DA:304,9
DA:311,9
DA:313,8
DA:320,8
DA:322,8
DA:323,12
DA:324,12
DA:325,12
DA:326,12
DA:327,12
DA:328,12
DA:330,12
DA:337,8
DA:339,8
DA:346,8
DA:347,27
DA:353,8
DA:354,0
DA:357,8
DA:358,27
DA:361,8
DA:363,8
DA:364,27
DA:367,8
DA:369,8
DA:370,7
DA:371,7
DA:373,7
DA:375,7
DA:376,7
DA:377,7
DA:378,7
DA:379,1
DA:385,7
DA:386,2
DA:387,2
DA:388,2
DA:390,2
DA:391,2
DA:392,2
DA:393,2
DA:394,1
DA:400,6
DA:427,6
DA:430,1
DA:433,14
DA:434,24
DA:435,23
DA:436,23
DA:438,23
DA:440,23
DA:441,0
DA:444,23
DA:445,23
DA:446,7
DA:453,5
DA:455,2
DA:457,2
DA:459,2
DA:461,2
DA:463,2
DA:465,2
DA:472,2
DA:479,18
DA:480,8
DA:488,6
DA:490,2
DA:492,2
DA:494,2
DA:496,2
DA:498,2
DA:500,2
DA:503,2
DA:511,2
DA:518,12
DA:519,8
DA:527,6
DA:529,2
DA:531,2
DA:533,2
DA:535,2
DA:537,2
DA:539,2
DA:542,2
DA:550,2
DA:557,6
DA:559,6
DA:561,1
DA:565,14
DA:566,4
DA:568,4
DA:570,3
DA:572,3
DA:573,1
DA:576,2
DA:578,1
DA:581,1
DA:586,14
LF:194
LH:188
BRDA:5,0,0,0
BRDA:9,1,0,0
BRDA:41,2,0,0
BRDA:43,3,0,8
BRDA:43,3,1,8
BRDA:61,4,0,8
BRDA:61,4,1,56
BRDA:94,5,0,0
BRDA:95,6,0,4
BRDA:95,6,1,3
BRDA:105,7,0,1
BRDA:105,7,1,3
BRDA:106,8,0,1
BRDA:106,8,1,3
BRDA:107,9,0,0
BRDA:107,9,1,4
BRDA:121,10,0,1
BRDA:121,10,1,3
BRDA:122,11,0,1
BRDA:122,11,1,3
BRDA:123,12,0,0
BRDA:123,12,1,4
BRDA:157,13,0,149
BRDA:164,14,0,147
BRDA:164,14,1,2
BRDA:199,15,0,44
BRDA:199,15,1,1
BRDA:199,16,0,45
BRDA:199,16,1,45
BRDA:217,17,0,11
BRDA:217,17,1,418
BRDA:225,18,0,1
BRDA:225,18,1,32
BRDA:231,19,0,1
BRDA:231,19,1,31
BRDA:236,20,0,0
BRDA:236,20,1,31
BRDA:241,21,0,1
BRDA:241,21,1,30
BRDA:246,22,0,1
BRDA:246,22,1,29
BRDA:251,23,0,1
BRDA:251,23,1,28
BRDA:256,24,0,1
BRDA:256,24,1,27
BRDA:258,25,0,10
BRDA:258,25,1,17
BRDA:259,26,0,5
BRDA:259,26,1,5
BRDA:260,27,0,10
BRDA:260,27,1,9
BRDA:260,27,2,8
BRDA:260,27,3,7
BRDA:260,27,4,6
BRDA:270,28,0,8
BRDA:270,28,1,14
BRDA:271,29,0,6
BRDA:271,29,1,2
BRDA:272,30,0,8
BRDA:272,30,1,7
BRDA:272,30,2,6
BRDA:272,30,3,5
BRDA:272,30,4,4
BRDA:272,30,5,3
BRDA:283,31,0,8
BRDA:283,31,1,8
BRDA:284,32,0,6
BRDA:284,32,1,2
BRDA:285,33,0,8
BRDA:285,33,1,7
BRDA:285,33,2,6
BRDA:285,33,3,5
BRDA:285,33,4,4
BRDA:285,33,5,3
BRDA:302,34,0,1
BRDA:302,34,1,9
BRDA:311,35,0,1
BRDA:311,35,1,8
BRDA:320,36,0,0
BRDA:320,36,1,8
BRDA:320,37,0,8
BRDA:320,37,1,8
BRDA:331,38,0,12
BRDA:331,38,1,12
BRDA:331,38,2,12
BRDA:337,39,0,0
BRDA:337,39,1,8
BRDA:348,40,0,27
BRDA:348,40,1,16
BRDA:353,41,0,0
BRDA:353,41,1,8
BRDA:369,42,0,7
BRDA:369,42,1,1
BRDA:375,43,0,7
BRDA:375,43,1,0
BRDA:378,44,0,1
BRDA:378,44,1,6
BRDA:385,45,0,2
BRDA:385,45,1,5
BRDA:390,46,0,2
BRDA:390,46,1,0
BRDA:393,47,0,1
BRDA:393,47,1,1
BRDA:434,48,0,23
BRDA:434,48,1,1
BRDA:434,49,0,24
BRDA:434,49,1,24
BRDA:436,50,0,0
BRDA:436,50,1,23
BRDA:440,51,0,0
BRDA:440,51,1,23
BRDA:445,52,0,7
BRDA:445,52,1,16
BRDA:446,53,0,5
BRDA:446,53,1,2
BRDA:447,54,0,7
BRDA:447,54,1,6
BRDA:447,54,2,6
BRDA:447,54,3,5
BRDA:447,54,4,5
BRDA:455,55,0,2
BRDA:455,55,1,1
BRDA:457,56,0,2
BRDA:457,56,1,1
BRDA:459,57,0,2
BRDA:459,57,1,0
BRDA:461,58,0,2
BRDA:461,58,1,1
BRDA:463,59,0,2
BRDA:463,59,1,0
BRDA:466,60,0,2
BRDA:466,60,1,2
BRDA:467,61,0,2
BRDA:467,61,1,2
BRDA:468,62,0,2
BRDA:468,62,1,2
BRDA:469,63,0,2
BRDA:469,63,1,2
BRDA:470,64,0,2
BRDA:470,64,1,2
BRDA:479,65,0,8
BRDA:479,65,1,10
BRDA:480,66,0,6
BRDA:480,66,1,2
BRDA:481,67,0,8
BRDA:481,67,1,6
BRDA:481,67,2,6
BRDA:481,67,3,6
BRDA:481,67,4,6
BRDA:481,67,5,6
BRDA:490,68,0,2
BRDA:490,68,1,0
BRDA:492,69,0,2
BRDA:492,69,1,0
BRDA:494,70,0,2
BRDA:494,70,1,1
BRDA:496,71,0,2
BRDA:496,71,1,1
BRDA:498,72,0,2
BRDA:498,72,1,1
BRDA:500,73,0,2
BRDA:500,73,1,1
BRDA:504,74,0,2
BRDA:504,74,1,2
BRDA:505,75,0,2
BRDA:505,75,1,2
BRDA:506,76,0,2
BRDA:506,76,1,2
BRDA:507,77,0,2
BRDA:507,77,1,2
BRDA:508,78,0,2
BRDA:508,78,1,2
BRDA:509,79,0,2
BRDA:509,79,1,2
BRDA:518,80,0,8
BRDA:518,80,1,4
BRDA:519,81,0,6
BRDA:519,81,1,2
BRDA:520,82,0,8
BRDA:520,82,1,7
BRDA:520,82,2,7
BRDA:520,82,3,6
BRDA:520,82,4,6
BRDA:520,82,5,6
BRDA:529,83,0,2
BRDA:529,83,1,1
BRDA:531,84,0,2
BRDA:531,84,1,1
BRDA:533,85,0,2
BRDA:533,85,1,0
BRDA:535,86,0,2
BRDA:535,86,1,1
BRDA:537,87,0,2
BRDA:537,87,1,0
BRDA:539,88,0,2
BRDA:539,88,1,1
BRDA:543,89,0,2
BRDA:543,89,1,2
BRDA:544,90,0,2
BRDA:544,90,1,2
BRDA:545,91,0,2
BRDA:545,91,1,2
BRDA:546,92,0,2
BRDA:546,92,1,2
BRDA:547,93,0,2
BRDA:547,93,1,2
BRDA:548,94,0,2
BRDA:548,94,1,2
BRDA:568,95,0,1
BRDA:568,95,1,3
BRDA:572,96,0,1
BRDA:572,96,1,2
BRDA:576,97,0,1
BRDA:576,97,1,1
BRDA:576,98,0,2
BRDA:576,98,1,1
BRF:216
BRH:196
end_of_record
TN:
SF:src\services\serviceType.js
FN:4,(anonymous_0)
FN:5,(anonymous_1)
FN:10,(anonymous_2)
FN:10,(anonymous_3)
FN:16,(anonymous_4)
FN:20,(anonymous_5)
FN:41,(anonymous_6)
FN:65,(anonymous_7)
FNF:8
FNH:8
FNDA:14,(anonymous_0)
FNDA:13,(anonymous_1)
FNDA:13,(anonymous_2)
FNDA:38,(anonymous_3)
FNDA:41,(anonymous_4)
FNDA:5,(anonymous_5)
FNDA:4,(anonymous_6)
FNDA:3,(anonymous_7)
DA:1,14
DA:2,14
DA:4,14
DA:5,14
DA:6,13
DA:10,38
DA:16,14
DA:17,41
DA:20,14
DA:21,5
DA:22,5
DA:23,5
DA:25,4
DA:27,3
DA:28,3
DA:29,1
DA:32,2
DA:35,2
DA:38,0
DA:41,14
DA:42,4
DA:43,4
DA:45,3
DA:47,3
DA:48,1
DA:50,2
DA:52,2
DA:53,2
DA:54,1
DA:57,1
DA:61,1
DA:62,1
DA:65,14
DA:66,3
DA:67,3
DA:69,2
DA:70,2
DA:71,1
DA:74,1
DA:76,1
DA:79,14
LF:41
LH:40
BRDA:5,0,0,0
BRDA:16,1,0,0
BRDA:21,2,0,5
BRDA:21,2,1,0
BRDA:23,3,0,1
BRDA:23,3,1,4
BRDA:25,4,0,1
BRDA:25,4,1,3
BRDA:28,5,0,1
BRDA:28,5,1,2
BRDA:43,6,0,1
BRDA:43,6,1,3
BRDA:47,7,0,1
BRDA:47,7,1,2
BRDA:53,8,0,1
BRDA:53,8,1,1
BRDA:58,9,0,1
BRDA:58,9,1,1
BRDA:67,10,0,1
BRDA:67,10,1,2
BRDA:70,11,0,1
BRDA:70,11,1,1
BRF:22
BRH:19
end_of_record
TN:
SF:src\services\user.js
FN:5,(anonymous_0)
FN:6,(anonymous_1)
FN:24,(anonymous_2)
FN:28,(anonymous_3)
FN:39,(anonymous_4)
FN:44,isValidEmail
FN:49,isValidPassword
FN:54,(anonymous_7)
FN:78,(anonymous_8)
FN:130,(anonymous_9)
FNF:10
FNH:9
FNDA:14,(anonymous_0)
FNDA:2,(anonymous_1)
FNDA:319,(anonymous_2)
FNDA:0,(anonymous_3)
FNDA:22,(anonymous_4)
FNDA:29,isValidEmail
FNDA:26,isValidPassword
FNDA:27,(anonymous_7)
FNDA:11,(anonymous_8)
FNDA:2,(anonymous_9)
DA:1,14
DA:2,14
DA:3,14
DA:5,14
DA:6,14
DA:7,2
DA:8,2
DA:9,2
DA:11,2
DA:18,2
DA:19,2
DA:21,2
DA:24,14
DA:25,319
DA:28,14
DA:29,0
DA:33,0
DA:34,0
DA:36,0
DA:39,14
DA:40,22
DA:41,22
DA:45,29
DA:46,29
DA:50,26
DA:51,26
DA:54,14
DA:55,27
DA:56,1
DA:57,26
DA:58,1
DA:61,25
DA:62,1
DA:63,24
DA:64,1
DA:66,23
DA:67,1
DA:69,22
DA:70,22
DA:72,21
DA:73,21
DA:74,21
DA:75,21
DA:78,14
DA:79,11
DA:80,11
DA:81,10
DA:82,9
DA:83,9
DA:84,0
DA:87,9
DA:88,9
DA:89,3
DA:90,1
DA:92,2
DA:93,2
DA:94,1
DA:97,7
DA:98,1
DA:101,6
DA:102,3
DA:103,3
DA:104,3
DA:105,1
DA:107,2
DA:108,1
DA:110,1
DA:111,1
DA:114,4
DA:115,1
DA:118,4
DA:119,4
DA:122,4
DA:124,4
DA:125,4
DA:127,1
DA:130,14
DA:131,2
DA:132,2
DA:134,1
DA:136,1
DA:137,0
DA:140,1
DA:141,1
DA:142,0
DA:145,1
DA:146,1
DA:147,0
DA:150,1
DA:153,1
DA:156,14
LF:91
LH:83
BRDA:6,0,0,0
BRDA:7,1,0,2
BRDA:7,1,1,1
BRDA:24,2,0,0
BRDA:28,3,0,0
BRDA:33,4,0,0
BRDA:33,4,1,0
BRDA:55,5,0,1
BRDA:55,5,1,26
BRDA:57,6,0,1
BRDA:57,6,1,25
BRDA:61,7,0,1
BRDA:61,7,1,24
BRDA:63,8,0,1
BRDA:63,8,1,23
BRDA:66,9,0,1
BRDA:66,9,1,22
BRDA:70,10,0,1
BRDA:70,10,1,21
BRDA:80,11,0,1
BRDA:80,11,1,10
BRDA:80,12,0,11
BRDA:80,12,1,1
BRDA:81,13,0,9
BRDA:81,13,1,1
BRDA:81,14,0,10
BRDA:81,14,1,10
BRDA:83,15,0,0
BRDA:83,15,1,9
BRDA:88,16,0,3
BRDA:88,16,1,6
BRDA:89,17,0,1
BRDA:89,17,1,2
BRDA:93,18,0,1
BRDA:93,18,1,1
BRDA:97,19,0,1
BRDA:97,19,1,6
BRDA:101,20,0,3
BRDA:101,20,1,3
BRDA:101,21,0,6
BRDA:101,21,1,3
BRDA:104,22,0,1
BRDA:104,22,1,2
BRDA:107,23,0,1
BRDA:107,23,1,1
BRDA:114,24,0,1
BRDA:114,24,1,3
BRDA:118,25,0,4
BRDA:118,25,1,0
BRDA:132,26,0,1
BRDA:132,26,1,1
BRDA:132,27,0,2
BRDA:132,27,1,1
BRDA:136,28,0,0
BRDA:136,28,1,1
BRDA:141,29,0,0
BRDA:141,29,1,1
BRDA:146,30,0,0
BRDA:146,30,1,1
BRF:59
BRH:49
end_of_record
